+ set -v

# listen to shiny app
cd $proj_dir
+ cd /home/gdtheisenlab/cxt050/RNA-SeqEZPZ-NF/project_ex
eval "$(cat mypipe)" &

SINGULARITYENV_port_num=$port_num \
++ cat mypipe
        SINGULARITYENV_hostfilepath=$filepath \
        SINGULARITYENV_max_nsamples=$max_nsamples \
        SINGULARITYENV_img_dir=$img_dir \
	singularity exec \
		--bind $proj_dir:/mnt \
		--bind $img_dir/scripts:/scripts -B ~/.Xauthority \
		$bind_filepath \
		--bind $proj_dir/mypipe:/hostpipe \
		--bind $img_dir/ref:/ref \
        	$img_dir/$img_name /bin/sh /scripts/app_simg.sbatch
+ SINGULARITYENV_port_num=7876
+ SINGULARITYENV_hostfilepath=/gpfs0/home2/gdtheisenlab/cxt050/RNA-SeqEZPZ-NF/project_ex
+ SINGULARITYENV_max_nsamples=50
+ SINGULARITYENV_img_dir=/gpfs0/home2/gdtheisenlab/cxt050/RNA-SeqEZPZ-NF
+ singularity exec --bind /home/gdtheisenlab/cxt050/RNA-SeqEZPZ-NF/project_ex:/mnt --bind /gpfs0/home2/gdtheisenlab/cxt050/RNA-SeqEZPZ-NF/scripts:/scripts -B /home/gdtheisenlab/cxt050/.Xauthority --bind /gpfs0/home2/gdtheisenlab/cxt050/RNA-SeqEZPZ-NF/project_ex:/filepath --bind /home/gdtheisenlab/cxt050/RNA-SeqEZPZ-NF/project_ex/mypipe:/hostpipe --bind /gpfs0/home2/gdtheisenlab/cxt050/RNA-SeqEZPZ-NF/ref:/ref /gpfs0/home2/gdtheisenlab/cxt050/RNA-SeqEZPZ-NF/rnaseq-pipe-container.sif /bin/sh /scripts/app_simg.sbatch
INFO:    Environment variable SINGULARITYENV_hostfilepath is set, but APPTAINERENV_hostfilepath is preferred
INFO:    Environment variable SINGULARITYENV_port_num is set, but APPTAINERENV_port_num is preferred
INFO:    Environment variable SINGULARITYENV_img_dir is set, but APPTAINERENV_img_dir is preferred
INFO:    Environment variable SINGULARITYENV_max_nsamples is set, but APPTAINERENV_max_nsamples is preferred
+ cd /scripts
+ hostfilepath=/gpfs0/home2/gdtheisenlab/cxt050/RNA-SeqEZPZ-NF/project_ex
+ R -e 'hostfilepath='\''/gpfs0/home2/gdtheisenlab/cxt050/RNA-SeqEZPZ-NF/project_ex'\'';img.dir='\''/gpfs0/home2/gdtheisenlab/cxt050/RNA-SeqEZPZ-NF'\''; max.nsamples=50; shiny::runApp(port=7876)'

R version 4.0.3 (2020-10-10) -- "Bunny-Wunnies Freak Out"
Copyright (C) 2020 The R Foundation for Statistical Computing
Platform: x86_64-conda-linux-gnu (64-bit)

R is free software and comes with ABSOLUTELY NO WARRANTY.
You are welcome to redistribute it under certain conditions.
Type 'license()' or 'licence()' for distribution details.

  Natural language support but running in an English locale

R is a collaborative project with many contributors.
Type 'contributors()' for more information and
'citation()' on how to cite R or R packages in publications.

Type 'demo()' for some demos, 'help()' for on-line help, or
'help.start()' for an HTML browser interface to help.
Type 'q()' to quit R.

> hostfilepath='/gpfs0/home2/gdtheisenlab/cxt050/RNA-SeqEZPZ-NF/project_ex';img.dir='/gpfs0/home2/gdtheisenlab/cxt050/RNA-SeqEZPZ-NF'; max.nsamples=50; shiny::runApp(port=7876)
Loading required package: shiny
Warning: package ‘shiny’ was built under R version 4.0.5
Warning: package ‘gridExtra’ was built under R version 4.0.5
Loading required package: grid
Registered S3 method overwritten by 'eulerr':
  method    from  
  plot.venn gplots
Warning: package ‘reshape’ was built under R version 4.0.5
Warning: package ‘RColorBrewer’ was built under R version 4.0.5

Attaching package: ‘venn’

The following object is masked from ‘package:eulerr’:

    venn

Loading required package: S4Vectors
Loading required package: stats4
Loading required package: BiocGenerics
Loading required package: parallel

Attaching package: ‘BiocGenerics’

The following objects are masked from ‘package:parallel’:

    clusterApply, clusterApplyLB, clusterCall, clusterEvalQ,
    clusterExport, clusterMap, parApply, parCapply, parLapply,
    parLapplyLB, parRapply, parSapply, parSapplyLB

The following object is masked from ‘package:gridExtra’:

    combine

The following objects are masked from ‘package:stats’:

    IQR, mad, sd, var, xtabs

The following objects are masked from ‘package:base’:

    anyDuplicated, append, as.data.frame, basename, cbind, colnames,
    dirname, do.call, duplicated, eval, evalq, Filter, Find, get, grep,
    grepl, intersect, is.unsorted, lapply, Map, mapply, match, mget,
    order, paste, pmax, pmax.int, pmin, pmin.int, Position, rank,
    rbind, Reduce, rownames, sapply, setdiff, sort, table, tapply,
    union, unique, unsplit, which.max, which.min


Attaching package: ‘S4Vectors’

The following objects are masked from ‘package:reshape’:

    expand, rename

The following object is masked from ‘package:base’:

    expand.grid

Loading required package: IRanges
Loading required package: GenomicRanges
Loading required package: GenomeInfoDb
Loading required package: SummarizedExperiment
Loading required package: MatrixGenerics
Loading required package: matrixStats

Attaching package: ‘MatrixGenerics’

The following objects are masked from ‘package:matrixStats’:

    colAlls, colAnyNAs, colAnys, colAvgsPerRowSet, colCollapse,
    colCounts, colCummaxs, colCummins, colCumprods, colCumsums,
    colDiffs, colIQRDiffs, colIQRs, colLogSumExps, colMadDiffs,
    colMads, colMaxs, colMeans2, colMedians, colMins, colOrderStats,
    colProds, colQuantiles, colRanges, colRanks, colSdDiffs, colSds,
    colSums2, colTabulates, colVarDiffs, colVars, colWeightedMads,
    colWeightedMeans, colWeightedMedians, colWeightedSds,
    colWeightedVars, rowAlls, rowAnyNAs, rowAnys, rowAvgsPerColSet,
    rowCollapse, rowCounts, rowCummaxs, rowCummins, rowCumprods,
    rowCumsums, rowDiffs, rowIQRDiffs, rowIQRs, rowLogSumExps,
    rowMadDiffs, rowMads, rowMaxs, rowMeans2, rowMedians, rowMins,
    rowOrderStats, rowProds, rowQuantiles, rowRanges, rowRanks,
    rowSdDiffs, rowSds, rowSums2, rowTabulates, rowVarDiffs, rowVars,
    rowWeightedMads, rowWeightedMeans, rowWeightedMedians,
    rowWeightedSds, rowWeightedVars

Loading required package: Biobase
Welcome to Bioconductor

    Vignettes contain introductory material; view with
    'browseVignettes()'. To cite Bioconductor, see
    'citation("Biobase")', and for packages 'citation("pkgname")'.


Attaching package: ‘Biobase’

The following object is masked from ‘package:MatrixGenerics’:

    rowMedians

The following objects are masked from ‘package:matrixStats’:

    anyMissing, rowMedians


clusterProfiler v3.18.1  For help: https://guangchuangyu.github.io/software/clusterProfiler

If you use clusterProfiler in published research, please cite:
Guangchuang Yu, Li-Gen Wang, Yanyan Han, Qing-Yu He. clusterProfiler: an R package for comparing biological themes among gene clusters. OMICS: A Journal of Integrative Biology. 2012, 16(5):284-287.

Attaching package: ‘clusterProfiler’

The following object is masked from ‘package:IRanges’:

    slice

The following object is masked from ‘package:S4Vectors’:

    rename

The following object is masked from ‘package:reshape’:

    rename

The following object is masked from ‘package:stats’:

    filter

Warning: package ‘ggplotify’ was built under R version 4.0.5
Warning: package ‘ggpolypath’ was built under R version 4.0.5
Warning: package ‘shinyFiles’ was built under R version 4.0.5
Warning: package ‘shinyjs’ was built under R version 4.0.5

Attaching package: ‘shinyjs’

The following object is masked from ‘package:DESeq2’:

    show

The following object is masked from ‘package:SummarizedExperiment’:

    show

The following object is masked from ‘package:Biobase’:

    show

The following object is masked from ‘package:GenomicRanges’:

    show

The following object is masked from ‘package:GenomeInfoDb’:

    show

The following object is masked from ‘package:IRanges’:

    show

The following object is masked from ‘package:S4Vectors’:

    show

The following object is masked from ‘package:stats4’:

    show

The following object is masked from ‘package:GeneOverlap’:

    show

The following object is masked from ‘package:shiny’:

    runExample

The following objects are masked from ‘package:methods’:

    removeClass, show


Attaching package: ‘dplyr’

The following object is masked from ‘package:Biobase’:

    combine

The following object is masked from ‘package:matrixStats’:

    count

The following objects are masked from ‘package:GenomicRanges’:

    intersect, setdiff, union

The following object is masked from ‘package:GenomeInfoDb’:

    intersect

The following objects are masked from ‘package:IRanges’:

    collapse, desc, intersect, setdiff, slice, union

The following objects are masked from ‘package:S4Vectors’:

    first, intersect, rename, setdiff, setequal, union

The following objects are masked from ‘package:BiocGenerics’:

    combine, intersect, setdiff, union

The following object is masked from ‘package:reshape’:

    rename

The following object is masked from ‘package:gridExtra’:

    combine

The following objects are masked from ‘package:stats’:

    filter, lag

The following objects are masked from ‘package:base’:

    intersect, setdiff, setequal, union


Attaching package: ‘purrr’

The following object is masked from ‘package:clusterProfiler’:

    simplify

The following object is masked from ‘package:GenomicRanges’:

    reduce

The following object is masked from ‘package:IRanges’:

    reduce


Listening on http://127.0.0.1:7876
[1] "input[[setup_grp1_r1_filepaths)]]"
[1] "fastq/A8_20-0647_714R1/A8_20-0647_iEF714R1_S57_L001_R1_001.sub.fastq.gz\nfastq/A8_20-0647_714R1/A8_20-0647_iEF714R1_S57_L002_R1_001.sub.fastq.gz"
[1] "filt.path"
[1] "fastq/A8_20-0647_714R1/A8_20-0647_iEF714R1_S57_L001_R1_001.sub.fastq.gz"
[2] "fastq/A8_20-0647_714R1/A8_20-0647_iEF714R1_S57_L002_R1_001.sub.fastq.gz"
[1] "empty.id"
integer(0)
[1] "filt.path after rem empty"
[1] "fastq/A8_20-0647_714R1/A8_20-0647_iEF714R1_S57_L001_R1_001.sub.fastq.gz"
[2] "fastq/A8_20-0647_714R1/A8_20-0647_iEF714R1_S57_L002_R1_001.sub.fastq.gz"
[1] "filt.path"
[1] "fastq/B9_20-0656_714R2/B9_20-0656_iEF714R2_S66_L001_R1_001.sub.fastq.gz"
[2] "fastq/B9_20-0656_714R2/B9_20-0656_iEF714R2_S66_L002_R1_001.sub.fastq.gz"
[1] "empty.id"
integer(0)
[1] "filt.path after rem empty"
[1] "fastq/B9_20-0656_714R2/B9_20-0656_iEF714R2_S66_L001_R1_001.sub.fastq.gz"
[2] "fastq/B9_20-0656_714R2/B9_20-0656_iEF714R2_S66_L002_R1_001.sub.fastq.gz"
[1] "filt.path"
[1] "fastq/C8_20-0649_563R1/C8_20-0649_iEF563R1_S59_L001_R1_001.sub.fastq.gz"
[2] "fastq/C8_20-0649_563R1/C8_20-0649_iEF563R1_S59_L002_R1_001.sub.fastq.gz"
[1] "empty.id"
integer(0)
[1] "filt.path after rem empty"
[1] "fastq/C8_20-0649_563R1/C8_20-0649_iEF563R1_S59_L001_R1_001.sub.fastq.gz"
[2] "fastq/C8_20-0649_563R1/C8_20-0649_iEF563R1_S59_L002_R1_001.sub.fastq.gz"
[1] "filt.path"
[1] "fastq/D9_20-0658_563R2/D9_20-0658_iEF563R2_S68_L001_R1_001.sub.fastq.gz"
[2] "fastq/D9_20-0658_563R2/D9_20-0658_iEF563R2_S68_L002_R1_001.sub.fastq.gz"
[1] "empty.id"
integer(0)
[1] "filt.path after rem empty"
[1] "fastq/D9_20-0658_563R2/D9_20-0658_iEF563R2_S68_L001_R1_001.sub.fastq.gz"
[2] "fastq/D9_20-0658_563R2/D9_20-0658_iEF563R2_S68_L002_R1_001.sub.fastq.gz"
[1] "filt.path"
[1] "fastq/H7_20-0646_197R1/H7_20-0646_iEF197R1_S56_L001_R1_001.sub.fastq.gz"
[2] "fastq/H7_20-0646_197R1/H7_20-0646_iEF197R1_S56_L002_R1_001.sub.fastq.gz"
[1] "empty.id"
integer(0)
[1] "filt.path after rem empty"
[1] "fastq/H7_20-0646_197R1/H7_20-0646_iEF197R1_S56_L001_R1_001.sub.fastq.gz"
[2] "fastq/H7_20-0646_197R1/H7_20-0646_iEF197R1_S56_L002_R1_001.sub.fastq.gz"
[1] "filt.path"
[1] "fastq/A9_20-0655_197R2/A9_20-0655_iEF197R2_S65_L001_R1_001.sub.fastq.gz"
[2] "fastq/A9_20-0655_197R2/A9_20-0655_iEF197R2_S65_L002_R1_001.sub.fastq.gz"
[1] "empty.id"
integer(0)
[1] "filt.path after rem empty"
[1] "fastq/A9_20-0655_197R2/A9_20-0655_iEF197R2_S65_L001_R1_001.sub.fastq.gz"
[2] "fastq/A9_20-0655_197R2/A9_20-0655_iEF197R2_S65_L002_R1_001.sub.fastq.gz"
[1] "filt.path"
[1] "fastq/A8_20-0647_714R1/A8_20-0647_iEF714R1_S57_L001_R2_001.sub.fastq.gz"
[2] "fastq/A8_20-0647_714R1/A8_20-0647_iEF714R1_S57_L002_R2_001.sub.fastq.gz"
[1] "empty.id"
integer(0)
[1] "filt.path after rem empty"
[1] "fastq/A8_20-0647_714R1/A8_20-0647_iEF714R1_S57_L001_R2_001.sub.fastq.gz"
[2] "fastq/A8_20-0647_714R1/A8_20-0647_iEF714R1_S57_L002_R2_001.sub.fastq.gz"
[1] "filt.path"
[1] "fastq/B9_20-0656_714R2/B9_20-0656_iEF714R2_S66_L001_R2_001.sub.fastq.gz"
[2] "fastq/B9_20-0656_714R2/B9_20-0656_iEF714R2_S66_L002_R2_001.sub.fastq.gz"
[1] "empty.id"
integer(0)
[1] "filt.path after rem empty"
[1] "fastq/B9_20-0656_714R2/B9_20-0656_iEF714R2_S66_L001_R2_001.sub.fastq.gz"
[2] "fastq/B9_20-0656_714R2/B9_20-0656_iEF714R2_S66_L002_R2_001.sub.fastq.gz"
[1] "filt.path"
[1] "fastq/C8_20-0649_563R1/C8_20-0649_iEF563R1_S59_L001_R2_001.sub.fastq.gz"
[2] "fastq/C8_20-0649_563R1/C8_20-0649_iEF563R1_S59_L002_R2_001.sub.fastq.gz"
[1] "empty.id"
integer(0)
[1] "filt.path after rem empty"
[1] "fastq/C8_20-0649_563R1/C8_20-0649_iEF563R1_S59_L001_R2_001.sub.fastq.gz"
[2] "fastq/C8_20-0649_563R1/C8_20-0649_iEF563R1_S59_L002_R2_001.sub.fastq.gz"
[1] "filt.path"
[1] "fastq/D9_20-0658_563R2/D9_20-0658_iEF563R2_S68_L001_R2_001.sub.fastq.gz"
[2] "fastq/D9_20-0658_563R2/D9_20-0658_iEF563R2_S68_L002_R2_001.sub.fastq.gz"
[1] "empty.id"
integer(0)
[1] "filt.path after rem empty"
[1] "fastq/D9_20-0658_563R2/D9_20-0658_iEF563R2_S68_L001_R2_001.sub.fastq.gz"
[2] "fastq/D9_20-0658_563R2/D9_20-0658_iEF563R2_S68_L002_R2_001.sub.fastq.gz"
[1] "filt.path"
[1] "fastq/H7_20-0646_197R1/H7_20-0646_iEF197R1_S56_L001_R2_001.sub.fastq.gz"
[2] "fastq/H7_20-0646_197R1/H7_20-0646_iEF197R1_S56_L002_R2_001.sub.fastq.gz"
[1] "empty.id"
integer(0)
[1] "filt.path after rem empty"
[1] "fastq/H7_20-0646_197R1/H7_20-0646_iEF197R1_S56_L001_R2_001.sub.fastq.gz"
[2] "fastq/H7_20-0646_197R1/H7_20-0646_iEF197R1_S56_L002_R2_001.sub.fastq.gz"
[1] "filt.path"
[1] "fastq/A9_20-0655_197R2/A9_20-0655_iEF197R2_S65_L001_R2_001.sub.fastq.gz"
[2] "fastq/A9_20-0655_197R2/A9_20-0655_iEF197R2_S65_L002_R2_001.sub.fastq.gz"
[1] "empty.id"
integer(0)
[1] "filt.path after rem empty"
[1] "fastq/A9_20-0655_197R2/A9_20-0655_iEF197R2_S65_L001_R2_001.sub.fastq.gz"
[2] "fastq/A9_20-0655_197R2/A9_20-0655_iEF197R2_S65_L002_R2_001.sub.fastq.gz"
[1] "r1_fastq_lst"
[[1]]
[1] "fastq/A8_20-0647_714R1/A8_20-0647_iEF714R1_S57_L001_R1_001.sub.fastq.gz"
[2] "fastq/A8_20-0647_714R1/A8_20-0647_iEF714R1_S57_L002_R1_001.sub.fastq.gz"

[[2]]
[1] "fastq/B9_20-0656_714R2/B9_20-0656_iEF714R2_S66_L001_R1_001.sub.fastq.gz"
[2] "fastq/B9_20-0656_714R2/B9_20-0656_iEF714R2_S66_L002_R1_001.sub.fastq.gz"

[[3]]
[1] "fastq/C8_20-0649_563R1/C8_20-0649_iEF563R1_S59_L001_R1_001.sub.fastq.gz"
[2] "fastq/C8_20-0649_563R1/C8_20-0649_iEF563R1_S59_L002_R1_001.sub.fastq.gz"

[[4]]
[1] "fastq/D9_20-0658_563R2/D9_20-0658_iEF563R2_S68_L001_R1_001.sub.fastq.gz"
[2] "fastq/D9_20-0658_563R2/D9_20-0658_iEF563R2_S68_L002_R1_001.sub.fastq.gz"

[[5]]
[1] "fastq/H7_20-0646_197R1/H7_20-0646_iEF197R1_S56_L001_R1_001.sub.fastq.gz"
[2] "fastq/H7_20-0646_197R1/H7_20-0646_iEF197R1_S56_L002_R1_001.sub.fastq.gz"

[[6]]
[1] "fastq/A9_20-0655_197R2/A9_20-0655_iEF197R2_S65_L001_R1_001.sub.fastq.gz"
[2] "fastq/A9_20-0655_197R2/A9_20-0655_iEF197R2_S65_L002_R1_001.sub.fastq.gz"

[1] "r1_fastq"
[[1]]
[1] "/gpfs0/home2/gdtheisenlab/cxt050/RNA-SeqEZPZ-NF/project_ex/fastq/A8_20-0647_714R1/A8_20-0647_iEF714R1_S57_L001_R1_001.sub.fastq.gz,/gpfs0/home2/gdtheisenlab/cxt050/RNA-SeqEZPZ-NF/project_ex/fastq/A8_20-0647_714R1/A8_20-0647_iEF714R1_S57_L002_R1_001.sub.fastq.gz"

[[2]]
[1] "/gpfs0/home2/gdtheisenlab/cxt050/RNA-SeqEZPZ-NF/project_ex/fastq/B9_20-0656_714R2/B9_20-0656_iEF714R2_S66_L001_R1_001.sub.fastq.gz,/gpfs0/home2/gdtheisenlab/cxt050/RNA-SeqEZPZ-NF/project_ex/fastq/B9_20-0656_714R2/B9_20-0656_iEF714R2_S66_L002_R1_001.sub.fastq.gz"

[[3]]
[1] "/gpfs0/home2/gdtheisenlab/cxt050/RNA-SeqEZPZ-NF/project_ex/fastq/C8_20-0649_563R1/C8_20-0649_iEF563R1_S59_L001_R1_001.sub.fastq.gz,/gpfs0/home2/gdtheisenlab/cxt050/RNA-SeqEZPZ-NF/project_ex/fastq/C8_20-0649_563R1/C8_20-0649_iEF563R1_S59_L002_R1_001.sub.fastq.gz"

[[4]]
[1] "/gpfs0/home2/gdtheisenlab/cxt050/RNA-SeqEZPZ-NF/project_ex/fastq/D9_20-0658_563R2/D9_20-0658_iEF563R2_S68_L001_R1_001.sub.fastq.gz,/gpfs0/home2/gdtheisenlab/cxt050/RNA-SeqEZPZ-NF/project_ex/fastq/D9_20-0658_563R2/D9_20-0658_iEF563R2_S68_L002_R1_001.sub.fastq.gz"

[[5]]
[1] "/gpfs0/home2/gdtheisenlab/cxt050/RNA-SeqEZPZ-NF/project_ex/fastq/H7_20-0646_197R1/H7_20-0646_iEF197R1_S56_L001_R1_001.sub.fastq.gz,/gpfs0/home2/gdtheisenlab/cxt050/RNA-SeqEZPZ-NF/project_ex/fastq/H7_20-0646_197R1/H7_20-0646_iEF197R1_S56_L002_R1_001.sub.fastq.gz"

[[6]]
[1] "/gpfs0/home2/gdtheisenlab/cxt050/RNA-SeqEZPZ-NF/project_ex/fastq/A9_20-0655_197R2/A9_20-0655_iEF197R2_S65_L001_R1_001.sub.fastq.gz,/gpfs0/home2/gdtheisenlab/cxt050/RNA-SeqEZPZ-NF/project_ex/fastq/A9_20-0655_197R2/A9_20-0655_iEF197R2_S65_L002_R1_001.sub.fastq.gz"

[1] "fa.name"
[1] "hg19.fa"
[1] "options"
[1] "--genome=hg19 --fasta=/gpfs0/home2/gdtheisenlab/cxt050/RNA-SeqEZPZ-NF/ref/hg19/hg19.fa --gtf=/gpfs0/home2/gdtheisenlab/cxt050/RNA-SeqEZPZ-NF/ref/hg19/hg19.refGene.gtf"
[1] "echo 'echo \"singularity.runOptions = \\\"--bind /gpfs0/home2/gdtheisenlab/cxt050/RNA-SeqEZPZ-NF/scripts:/scripts,/gpfs0/home2/gdtheisenlab/cxt050/RNA-SeqEZPZ-NF/project_ex/:/mnt,/gpfs0/home2/gdtheisenlab/cxt050/RNA-SeqEZPZ-NF/ref:/ref,/gpfs0:/gpfs0\\\"\" >> /gpfs0/home2/gdtheisenlab/cxt050/RNA-SeqEZPZ-NF/nextflow.config && ml load nextflow/22.10.6.5843 && nextflow run -resume /gpfs0/home2/gdtheisenlab/cxt050/RNA-SeqEZPZ-NF/main.nf -ansi-log false --inputdir=/gpfs0/home2/gdtheisenlab/cxt050/RNA-SeqEZPZ-NF/project_ex/ --genome=hg19 --fasta=/gpfs0/home2/gdtheisenlab/cxt050/RNA-SeqEZPZ-NF/ref/hg19/hg19.fa --gtf=/gpfs0/home2/gdtheisenlab/cxt050/RNA-SeqEZPZ-NF/ref/hg19/hg19.refGene.gtf --time=7-00:00:00 --batch_adjust=yes --ncpus_trim=4 --ncpus_star=20 --run= &> run_rnaseq_full.out' > /hostpipe"
+ eval 'echo "singularity.runOptions = \"--bind /gpfs0/home2/gdtheisenlab/cxt050/RNA-SeqEZPZ-NF/scripts:/scripts,/gpfs0/home2/gdtheisenlab/cxt050/RNA-SeqEZPZ-NF/project_ex/:/mnt,/gpfs0/home2/gdtheisenlab/cxt050/RNA-SeqEZPZ-NF/ref:/ref,/gpfs0:/gpfs0\"" >> /gpfs0/home2/gdtheisenlab/cxt050/RNA-SeqEZPZ-NF/nextflow.config && ml load nextflow/22.10.6.5843 && nextflow run -resume /gpfs0/home2/gdtheisenlab/cxt050/RNA-SeqEZPZ-NF/main.nf -ansi-log false --inputdir=/gpfs0/home2/gdtheisenlab/cxt050/RNA-SeqEZPZ-NF/project_ex/ --genome=hg19 --fasta=/gpfs0/home2/gdtheisenlab/cxt050/RNA-SeqEZPZ-NF/ref/hg19/hg19.fa --gtf=/gpfs0/home2/gdtheisenlab/cxt050/RNA-SeqEZPZ-NF/ref/hg19/hg19.refGene.gtf --time=7-00:00:00 --batch_adjust=yes --ncpus_trim=4 --ncpus_star=20 --run= &> run_rnaseq_full.out'
echo "singularity.runOptions = \"--bind /gpfs0/home2/gdtheisenlab/cxt050/RNA-SeqEZPZ-NF/scripts:/scripts,/gpfs0/home2/gdtheisenlab/cxt050/RNA-SeqEZPZ-NF/project_ex/:/mnt,/gpfs0/home2/gdtheisenlab/cxt050/RNA-SeqEZPZ-NF/ref:/ref,/gpfs0:/gpfs0\"" >> /gpfs0/home2/gdtheisenlab/cxt050/RNA-SeqEZPZ-NF/nextflow.config && ml load nextflow/22.10.6.5843 && nextflow run -resume /gpfs0/home2/gdtheisenlab/cxt050/RNA-SeqEZPZ-NF/main.nf -ansi-log false --inputdir=/gpfs0/home2/gdtheisenlab/cxt050/RNA-SeqEZPZ-NF/project_ex/ --genome=hg19 --fasta=/gpfs0/home2/gdtheisenlab/cxt050/RNA-SeqEZPZ-NF/ref/hg19/hg19.fa --gtf=/gpfs0/home2/gdtheisenlab/cxt050/RNA-SeqEZPZ-NF/ref/hg19/hg19.refGene.gtf --time=7-00:00:00 --batch_adjust=yes --ncpus_trim=4 --ncpus_star=20 --run= &> run_rnaseq_full.out
++ echo 'singularity.runOptions = "--bind /gpfs0/home2/gdtheisenlab/cxt050/RNA-SeqEZPZ-NF/scripts:/scripts,/gpfs0/home2/gdtheisenlab/cxt050/RNA-SeqEZPZ-NF/project_ex/:/mnt,/gpfs0/home2/gdtheisenlab/cxt050/RNA-SeqEZPZ-NF/ref:/ref,/gpfs0:/gpfs0"'
++ ml load nextflow/22.10.6.5843
+++ /gpfs0/export/apps/opt/lmod/lmod/libexec/ml_cmd load nextflow/22.10.6.5843
++ eval module load ''\''nextflow/22.10.6.5843'\'''
module load 'nextflow/22.10.6.5843'
+++ module load nextflow/22.10.6.5843
++++ date
+++ echo Wed Nov 13 10:35:36 EST 2024 '| cxt050 | module load' nextflow/22.10.6.5843
++++ /gpfs0/export/apps/opt/lmod/lmod/libexec/lmod bash load nextflow/22.10.6.5843
+++ eval '__LMOD_REF_COUNT_LD_LIBRARY_PATH=/gpfs0/export/apps/opt/openjdk/15/bin:1;' export '__LMOD_REF_COUNT_LD_LIBRARY_PATH;' 'LD_LIBRARY_PATH=/gpfs0/export/apps/opt/openjdk/15/bin;' export 'LD_LIBRARY_PATH;' '__LMOD_REF_COUNT_LOADEDMODULES=openjdk/15:1\;nextflow/22.10.6.5843:1;' export '__LMOD_REF_COUNT_LOADEDMODULES;' 'LOADEDMODULES=openjdk/15:nextflow/22.10.6.5843;' export 'LOADEDMODULES;' '__LMOD_REF_COUNT_MODULEPATH=/gpfs0/export/apps/easybuild/hmns/modules/all/Core:1\;/gpfs0/export/apps/opt/modules/Core:1;' export '__LMOD_REF_COUNT_MODULEPATH;' 'MODULEPATH=/gpfs0/export/apps/easybuild/hmns/modules/all/Core:/gpfs0/export/apps/opt/modules/Core;' export 'MODULEPATH;' '__LMOD_REF_COUNT_PATH=/gpfs0/export/apps/opt/nextflow/22.10.6.5843:1\;/gpfs0/export/apps/opt/openjdk/15/bin:1\;/usr/local/bin:1\;/usr/bin:1\;/usr/local/sbin:1\;/usr/sbin:1\;/home/gdtheisenlab/cxt050/opt:1\;/home/gdtheisenlab/cxt050/bin:1\;/home/gdtheisenlab/cxt050/.rvm/bin:1;' export '__LMOD_REF_COUNT_PATH;' 'PATH=/gpfs0/export/apps/opt/nextflow/22.10.6.5843:/gpfs0/export/apps/opt/openjdk/15/bin:/usr/local/bin:/usr/bin:/usr/local/sbin:/usr/sbin:/home/gdtheisenlab/cxt050/opt:/home/gdtheisenlab/cxt050/bin:/home/gdtheisenlab/cxt050/.rvm/bin;' export 'PATH;' '__LMOD_REF_COUNT__LMFILES_=/gpfs0/export/apps/opt/modules/Core/openjdk/15.lua:1\;/gpfs0/export/apps/opt/modules/Core/nextflow/22.10.6.5843.lua:1;' export '__LMOD_REF_COUNT__LMFILES_;' '_LMFILES_=/gpfs0/export/apps/opt/modules/Core/openjdk/15.lua:/gpfs0/export/apps/opt/modules/Core/nextflow/22.10.6.5843.lua;' export '_LMFILES_;' '_ModuleTable001_=X01vZHVsZVRhYmxlXz17WyJNVHZlcnNpb24iXT0zLFsiY19yZWJ1aWxkVGltZSJdPWZhbHNlLFsiY19zaG9ydFRpbWUiXT1mYWxzZSxkZXB0aFQ9e30sZmFtaWx5PXt9LG1UPXtuZXh0Zmxvdz17WyJmbiJdPSIvZ3BmczAvZXhwb3J0L2FwcHMvb3B0L21vZHVsZXMvQ29yZS9uZXh0Zmxvdy8yMi4xMC42LjU4NDMubHVhIixbImZ1bGxOYW1lIl09Im5leHRmbG93LzIyLjEwLjYuNTg0MyIsWyJsb2FkT3JkZXIiXT0yLHByb3BUPXt9LFsic3RhY2tEZXB0aCJdPTAsWyJzdGF0dXMiXT0iYWN0aXZlIixbInVzZXJOYW1lIl09Im5leHRmbG93LzIyLjEwLjYuNTg0MyIsfSxvcGVuamRrPXtbImZuIl09Ii9ncGZzMC9leHBvcnQvYXBwcy9vcHQvbW9kdWxlcy9Db3JlL29wZW5qZGsvMTUu;' export '_ModuleTable001_;' '_ModuleTable002_=bHVhIixbImZ1bGxOYW1lIl09Im9wZW5qZGsvMTUiLFsibG9hZE9yZGVyIl09MSxwcm9wVD17fSxbInN0YWNrRGVwdGgiXT0xLFsic3RhdHVzIl09ImFjdGl2ZSIsWyJ1c2VyTmFtZSJdPSJvcGVuamRrLzE1Iix9LH0sbXBhdGhBPXsiL2dwZnMwL2V4cG9ydC9hcHBzL2Vhc3lidWlsZC9obW5zL21vZHVsZXMvYWxsL0NvcmUiLCIvZ3BmczAvZXhwb3J0L2FwcHMvb3B0L21vZHVsZXMvQ29yZSIsfSxbInN5c3RlbUJhc2VNUEFUSCJdPSIvZ3BmczAvZXhwb3J0L2FwcHMvZWFzeWJ1aWxkL2htbnMvbW9kdWxlcy9hbGwvQ29yZTovZ3BmczAvZXhwb3J0L2FwcHMvb3B0L21vZHVsZXMvQ29yZSIsfQ==;' export '_ModuleTable002_;' '_ModuleTable_Sz_=2;' export '_ModuleTable_Sz_;'
__LMOD_REF_COUNT_LD_LIBRARY_PATH=/gpfs0/export/apps/opt/openjdk/15/bin:1; export __LMOD_REF_COUNT_LD_LIBRARY_PATH; LD_LIBRARY_PATH=/gpfs0/export/apps/opt/openjdk/15/bin; export LD_LIBRARY_PATH; __LMOD_REF_COUNT_LOADEDMODULES=openjdk/15:1\;nextflow/22.10.6.5843:1; export __LMOD_REF_COUNT_LOADEDMODULES; LOADEDMODULES=openjdk/15:nextflow/22.10.6.5843; export LOADEDMODULES; __LMOD_REF_COUNT_MODULEPATH=/gpfs0/export/apps/easybuild/hmns/modules/all/Core:1\;/gpfs0/export/apps/opt/modules/Core:1; export __LMOD_REF_COUNT_MODULEPATH; MODULEPATH=/gpfs0/export/apps/easybuild/hmns/modules/all/Core:/gpfs0/export/apps/opt/modules/Core; export MODULEPATH; __LMOD_REF_COUNT_PATH=/gpfs0/export/apps/opt/nextflow/22.10.6.5843:1\;/gpfs0/export/apps/opt/openjdk/15/bin:1\;/usr/local/bin:1\;/usr/bin:1\;/usr/local/sbin:1\;/usr/sbin:1\;/home/gdtheisenlab/cxt050/opt:1\;/home/gdtheisenlab/cxt050/bin:1\;/home/gdtheisenlab/cxt050/.rvm/bin:1; export __LMOD_REF_COUNT_PATH; PATH=/gpfs0/export/apps/opt/nextflow/22.10.6.5843:/gpfs0/export/apps/opt/openjdk/15/bin:/usr/local/bin:/usr/bin:/usr/local/sbin:/usr/sbin:/home/gdtheisenlab/cxt050/opt:/home/gdtheisenlab/cxt050/bin:/home/gdtheisenlab/cxt050/.rvm/bin; export PATH; __LMOD_REF_COUNT__LMFILES_=/gpfs0/export/apps/opt/modules/Core/openjdk/15.lua:1\;/gpfs0/export/apps/opt/modules/Core/nextflow/22.10.6.5843.lua:1; export __LMOD_REF_COUNT__LMFILES_; _LMFILES_=/gpfs0/export/apps/opt/modules/Core/openjdk/15.lua:/gpfs0/export/apps/opt/modules/Core/nextflow/22.10.6.5843.lua; export _LMFILES_; _ModuleTable001_=X01vZHVsZVRhYmxlXz17WyJNVHZlcnNpb24iXT0zLFsiY19yZWJ1aWxkVGltZSJdPWZhbHNlLFsiY19zaG9ydFRpbWUiXT1mYWxzZSxkZXB0aFQ9e30sZmFtaWx5PXt9LG1UPXtuZXh0Zmxvdz17WyJmbiJdPSIvZ3BmczAvZXhwb3J0L2FwcHMvb3B0L21vZHVsZXMvQ29yZS9uZXh0Zmxvdy8yMi4xMC42LjU4NDMubHVhIixbImZ1bGxOYW1lIl09Im5leHRmbG93LzIyLjEwLjYuNTg0MyIsWyJsb2FkT3JkZXIiXT0yLHByb3BUPXt9LFsic3RhY2tEZXB0aCJdPTAsWyJzdGF0dXMiXT0iYWN0aXZlIixbInVzZXJOYW1lIl09Im5leHRmbG93LzIyLjEwLjYuNTg0MyIsfSxvcGVuamRrPXtbImZuIl09Ii9ncGZzMC9leHBvcnQvYXBwcy9vcHQvbW9kdWxlcy9Db3JlL29wZW5qZGsvMTUu; export _ModuleTable001_; _ModuleTable002_=bHVhIixbImZ1bGxOYW1lIl09Im9wZW5qZGsvMTUiLFsibG9hZE9yZGVyIl09MSxwcm9wVD17fSxbInN0YWNrRGVwdGgiXT0xLFsic3RhdHVzIl09ImFjdGl2ZSIsWyJ1c2VyTmFtZSJdPSJvcGVuamRrLzE1Iix9LH0sbXBhdGhBPXsiL2dwZnMwL2V4cG9ydC9hcHBzL2Vhc3lidWlsZC9obW5zL21vZHVsZXMvYWxsL0NvcmUiLCIvZ3BmczAvZXhwb3J0L2FwcHMvb3B0L21vZHVsZXMvQ29yZSIsfSxbInN5c3RlbUJhc2VNUEFUSCJdPSIvZ3BmczAvZXhwb3J0L2FwcHMvZWFzeWJ1aWxkL2htbnMvbW9kdWxlcy9hbGwvQ29yZTovZ3BmczAvZXhwb3J0L2FwcHMvb3B0L21vZHVsZXMvQ29yZSIsfQ==; export _ModuleTable002_; _ModuleTable_Sz_=2; export _ModuleTable_Sz_;
++++ __LMOD_REF_COUNT_LD_LIBRARY_PATH=/gpfs0/export/apps/opt/openjdk/15/bin:1
++++ export __LMOD_REF_COUNT_LD_LIBRARY_PATH
++++ LD_LIBRARY_PATH=/gpfs0/export/apps/opt/openjdk/15/bin
++++ export LD_LIBRARY_PATH
++++ __LMOD_REF_COUNT_LOADEDMODULES='openjdk/15:1;nextflow/22.10.6.5843:1'
++++ export __LMOD_REF_COUNT_LOADEDMODULES
++++ LOADEDMODULES=openjdk/15:nextflow/22.10.6.5843
++++ export LOADEDMODULES
++++ __LMOD_REF_COUNT_MODULEPATH='/gpfs0/export/apps/easybuild/hmns/modules/all/Core:1;/gpfs0/export/apps/opt/modules/Core:1'
++++ export __LMOD_REF_COUNT_MODULEPATH
++++ MODULEPATH=/gpfs0/export/apps/easybuild/hmns/modules/all/Core:/gpfs0/export/apps/opt/modules/Core
++++ export MODULEPATH
++++ __LMOD_REF_COUNT_PATH='/gpfs0/export/apps/opt/nextflow/22.10.6.5843:1;/gpfs0/export/apps/opt/openjdk/15/bin:1;/usr/local/bin:1;/usr/bin:1;/usr/local/sbin:1;/usr/sbin:1;/home/gdtheisenlab/cxt050/opt:1;/home/gdtheisenlab/cxt050/bin:1;/home/gdtheisenlab/cxt050/.rvm/bin:1'
++++ export __LMOD_REF_COUNT_PATH
++++ PATH=/gpfs0/export/apps/opt/nextflow/22.10.6.5843:/gpfs0/export/apps/opt/openjdk/15/bin:/usr/local/bin:/usr/bin:/usr/local/sbin:/usr/sbin:/home/gdtheisenlab/cxt050/opt:/home/gdtheisenlab/cxt050/bin:/home/gdtheisenlab/cxt050/.rvm/bin
++++ export PATH
++++ __LMOD_REF_COUNT__LMFILES_='/gpfs0/export/apps/opt/modules/Core/openjdk/15.lua:1;/gpfs0/export/apps/opt/modules/Core/nextflow/22.10.6.5843.lua:1'
++++ export __LMOD_REF_COUNT__LMFILES_
++++ _LMFILES_=/gpfs0/export/apps/opt/modules/Core/openjdk/15.lua:/gpfs0/export/apps/opt/modules/Core/nextflow/22.10.6.5843.lua
++++ export _LMFILES_
++++ _ModuleTable001_=X01vZHVsZVRhYmxlXz17WyJNVHZlcnNpb24iXT0zLFsiY19yZWJ1aWxkVGltZSJdPWZhbHNlLFsiY19zaG9ydFRpbWUiXT1mYWxzZSxkZXB0aFQ9e30sZmFtaWx5PXt9LG1UPXtuZXh0Zmxvdz17WyJmbiJdPSIvZ3BmczAvZXhwb3J0L2FwcHMvb3B0L21vZHVsZXMvQ29yZS9uZXh0Zmxvdy8yMi4xMC42LjU4NDMubHVhIixbImZ1bGxOYW1lIl09Im5leHRmbG93LzIyLjEwLjYuNTg0MyIsWyJsb2FkT3JkZXIiXT0yLHByb3BUPXt9LFsic3RhY2tEZXB0aCJdPTAsWyJzdGF0dXMiXT0iYWN0aXZlIixbInVzZXJOYW1lIl09Im5leHRmbG93LzIyLjEwLjYuNTg0MyIsfSxvcGVuamRrPXtbImZuIl09Ii9ncGZzMC9leHBvcnQvYXBwcy9vcHQvbW9kdWxlcy9Db3JlL29wZW5qZGsvMTUu
++++ export _ModuleTable001_
++++ _ModuleTable002_=bHVhIixbImZ1bGxOYW1lIl09Im9wZW5qZGsvMTUiLFsibG9hZE9yZGVyIl09MSxwcm9wVD17fSxbInN0YWNrRGVwdGgiXT0xLFsic3RhdHVzIl09ImFjdGl2ZSIsWyJ1c2VyTmFtZSJdPSJvcGVuamRrLzE1Iix9LH0sbXBhdGhBPXsiL2dwZnMwL2V4cG9ydC9hcHBzL2Vhc3lidWlsZC9obW5zL21vZHVsZXMvYWxsL0NvcmUiLCIvZ3BmczAvZXhwb3J0L2FwcHMvb3B0L21vZHVsZXMvQ29yZSIsfSxbInN5c3RlbUJhc2VNUEFUSCJdPSIvZ3BmczAvZXhwb3J0L2FwcHMvZWFzeWJ1aWxkL2htbnMvbW9kdWxlcy9hbGwvQ29yZTovZ3BmczAvZXhwb3J0L2FwcHMvb3B0L21vZHVsZXMvQ29yZSIsfQ==
++++ export _ModuleTable002_
++++ _ModuleTable_Sz_=2
++++ export _ModuleTable_Sz_
++++ : -s sh
+++ eval
++ nextflow run -resume /gpfs0/home2/gdtheisenlab/cxt050/RNA-SeqEZPZ-NF/main.nf -ansi-log false --inputdir=/gpfs0/home2/gdtheisenlab/cxt050/RNA-SeqEZPZ-NF/project_ex/ --genome=hg19 --fasta=/gpfs0/home2/gdtheisenlab/cxt050/RNA-SeqEZPZ-NF/ref/hg19/hg19.fa --gtf=/gpfs0/home2/gdtheisenlab/cxt050/RNA-SeqEZPZ-NF/ref/hg19/hg19.refGene.gtf --time=7-00:00:00 --batch_adjust=yes --ncpus_trim=4 --ncpus_star=20 --run=
