Wed Jul 31 12:20:42 EDT 2024

Timming reads for low quality/adapter sequences then run Quality Control

Options used to run:
time=7-00:00:00
ncpus_trim=4

all outputs will be stored in /gpfs0/home2/gdtheisenlab/cxt050/Steve/virtual_server/rnaseq-singularity/project_ex/outputs
See /gpfs0/home2/gdtheisenlab/cxt050/Steve/virtual_server/rnaseq-singularity/project_ex/run_quality_control.out to check the analysis progress
All other logs and scripts ran will be stored in /gpfs0/home2/gdtheisenlab/cxt050/Steve/virtual_server/rnaseq-singularity/project_ex/outputs/logs


Using singularity image and scripts in: /gpfs0/home2/gdtheisenlab/cxt050/Steve/virtual_server/rnaseq-singularity 

Merging fastq files

0
iEF_EF
rep1
iEF_EF_rep1
/gpfs0/home2/gdtheisenlab/cxt050/Steve/virtual_server/rnaseq-singularity/project_ex/outputs/merged_fastq/iEF_EF_rep1_r1_fastq.gz
/gpfs0/home2/gdtheisenlab/cxt050/Steve/virtual_server/rnaseq-singularity/project_ex/outputs/merged_fastq/iEF_EF_rep1_r2_fastq.gz
Processing /gpfs0/home2/gdtheisenlab/cxt050/Steve/virtual_server/rnaseq-singularity/project_ex/outputs/merged_fastq/iEF_EF_rep1_r1_fastq.gz /gpfs0/home2/gdtheisenlab/cxt050/Steve/virtual_server/rnaseq-singularity/project_ex/outputs/merged_fastq/iEF_EF_rep1_r2_fastq.gz Job id: 5749623

1
iEF_EF
rep2
iEF_EF_rep2
/gpfs0/home2/gdtheisenlab/cxt050/Steve/virtual_server/rnaseq-singularity/project_ex/outputs/merged_fastq/iEF_EF_rep2_r1_fastq.gz
/gpfs0/home2/gdtheisenlab/cxt050/Steve/virtual_server/rnaseq-singularity/project_ex/outputs/merged_fastq/iEF_EF_rep2_r2_fastq.gz
Processing /gpfs0/home2/gdtheisenlab/cxt050/Steve/virtual_server/rnaseq-singularity/project_ex/outputs/merged_fastq/iEF_EF_rep2_r1_fastq.gz /gpfs0/home2/gdtheisenlab/cxt050/Steve/virtual_server/rnaseq-singularity/project_ex/outputs/merged_fastq/iEF_EF_rep2_r2_fastq.gz Job id: 5749624

2
iEF_EE4
rep1
iEF_EE4_rep1
/gpfs0/home2/gdtheisenlab/cxt050/Steve/virtual_server/rnaseq-singularity/project_ex/outputs/merged_fastq/iEF_EE4_rep1_r1_fastq.gz
/gpfs0/home2/gdtheisenlab/cxt050/Steve/virtual_server/rnaseq-singularity/project_ex/outputs/merged_fastq/iEF_EE4_rep1_r2_fastq.gz
Processing /gpfs0/home2/gdtheisenlab/cxt050/Steve/virtual_server/rnaseq-singularity/project_ex/outputs/merged_fastq/iEF_EE4_rep1_r1_fastq.gz /gpfs0/home2/gdtheisenlab/cxt050/Steve/virtual_server/rnaseq-singularity/project_ex/outputs/merged_fastq/iEF_EE4_rep1_r2_fastq.gz Job id: 5749625

3
iEF_EE4
rep2
iEF_EE4_rep2
/gpfs0/home2/gdtheisenlab/cxt050/Steve/virtual_server/rnaseq-singularity/project_ex/outputs/merged_fastq/iEF_EE4_rep2_r1_fastq.gz
/gpfs0/home2/gdtheisenlab/cxt050/Steve/virtual_server/rnaseq-singularity/project_ex/outputs/merged_fastq/iEF_EE4_rep2_r2_fastq.gz
Processing /gpfs0/home2/gdtheisenlab/cxt050/Steve/virtual_server/rnaseq-singularity/project_ex/outputs/merged_fastq/iEF_EE4_rep2_r1_fastq.gz /gpfs0/home2/gdtheisenlab/cxt050/Steve/virtual_server/rnaseq-singularity/project_ex/outputs/merged_fastq/iEF_EE4_rep2_r2_fastq.gz Job id: 5749626

4
iEF_empty
rep1
iEF_empty_rep1
/gpfs0/home2/gdtheisenlab/cxt050/Steve/virtual_server/rnaseq-singularity/project_ex/outputs/merged_fastq/iEF_empty_rep1_r1_fastq.gz
/gpfs0/home2/gdtheisenlab/cxt050/Steve/virtual_server/rnaseq-singularity/project_ex/outputs/merged_fastq/iEF_empty_rep1_r2_fastq.gz
Processing /gpfs0/home2/gdtheisenlab/cxt050/Steve/virtual_server/rnaseq-singularity/project_ex/outputs/merged_fastq/iEF_empty_rep1_r1_fastq.gz /gpfs0/home2/gdtheisenlab/cxt050/Steve/virtual_server/rnaseq-singularity/project_ex/outputs/merged_fastq/iEF_empty_rep1_r2_fastq.gz Job id: 5749627

5
iEF_empty
rep2
iEF_empty_rep2
/gpfs0/home2/gdtheisenlab/cxt050/Steve/virtual_server/rnaseq-singularity/project_ex/outputs/merged_fastq/iEF_empty_rep2_r1_fastq.gz
/gpfs0/home2/gdtheisenlab/cxt050/Steve/virtual_server/rnaseq-singularity/project_ex/outputs/merged_fastq/iEF_empty_rep2_r2_fastq.gz
Processing /gpfs0/home2/gdtheisenlab/cxt050/Steve/virtual_server/rnaseq-singularity/project_ex/outputs/merged_fastq/iEF_empty_rep2_r1_fastq.gz /gpfs0/home2/gdtheisenlab/cxt050/Steve/virtual_server/rnaseq-singularity/project_ex/outputs/merged_fastq/iEF_empty_rep2_r2_fastq.gz Job id: 5749628


Running multiqc to combine all the quality control files Job id: 5749629
/gpfs0/home2/gdtheisenlab/cxt050/Steve/virtual_server/rnaseq-singularity/project_ex/outputs/logs/multiqc.out contains the commands ran

Done trimming reads and quality control

summary of quality control result is in /gpfs0/home2/gdtheisenlab/cxt050/Steve/virtual_server/rnaseq-singularity/project_ex/outputs/trim/fastqc_rslt/multiqc_report.html
trimmed fastq files are in /gpfs0/home2/gdtheisenlab/cxt050/Steve/virtual_server/rnaseq-singularity/project_ex/outputs/trim

Wed Jul 31 12:21:14 EDT 2024
