Wed Jul 31 12:21:24 EDT 2024

Aligning reads to hg19 and create tracks for visualization

Options used to run:
padj=0.05
time=7-00:00:00
genome=hg19

all outputs will be stored in /gpfs0/home2/gdtheisenlab/cxt050/Steve/virtual_server/rnaseq-singularity/project_ex/outputs
See /gpfs0/home2/gdtheisenlab/cxt050/Steve/virtual_server/rnaseq-singularity/project_ex/run_align_create_tracks_rna.out to check the analysis progress
All other logs including scripts ran will be stored in /gpfs0/home2/gdtheisenlab/cxt050/Steve/virtual_server/rnaseq-singularity/project_ex/outputs/logs


Using singularity image and scripts in: /gpfs0/home2/gdtheisenlab/cxt050/Steve/virtual_server/rnaseq-singularity 

Running STAR first pass for iEF_EF_rep1 job id: 5749632

Running STAR first pass for iEF_EF_rep2 job id: 5749633

Running STAR first pass for iEF_EE4_rep1 job id: 5749634

Running STAR first pass for iEF_EE4_rep2 job id: 5749635

Running STAR first pass for iEF_empty_rep1 job id: 5749636

Running STAR first pass for iEF_empty_rep2 job id: 5749637

Running STAR second pass for iEF_EF_rep1 job id: 5749639

Running STAR second pass for iEF_EF_rep2 job id: 5749640

Running STAR second pass for iEF_EE4_rep1 job id: 5749641

Running STAR second pass for iEF_EE4_rep2 job id: 5749642

Running STAR second pass for iEF_empty_rep1 job id: 5749643

Running STAR second pass for iEF_empty_rep2 job id: 5749644

number of replicates 2
iEF_EE4_rep1_norm.bw iEF_EE4_rep2_norm.bw
Combining  bigwig replicates job id: 5749648

iEF_EF_rep1_norm.bw iEF_EF_rep2_norm.bw
Combining  bigwig replicates job id: 5749649

iEF_empty_rep1_norm.bw iEF_empty_rep2_norm.bw
Combining  bigwig replicates job id: 5749650

Done alignment using STAR 2-pass approach and created bw files for visualization

Tracks for each replicate and combined replicates are *norm.bw and comb.bw respectively
in /gpfs0/home2/gdtheisenlab/cxt050/Steve/virtual_server/rnaseq-singularity/project_ex/outputs
Aligned bam files are in /gpfs0/home2/gdtheisenlab/cxt050/Steve/virtual_server/rnaseq-singularity/project_ex/outputs/STAR_2pass/Pass2

Wed Jul 31 12:31:37 EDT 2024
