[2024-12-18 17:17:16,630] multiqc                                            [DEBUG  ]  No MultiQC config found: /opt/miniforge3/envs/rna_env/lib/python3.8/site-packages/multiqc_config.yaml
[2024-12-18 17:17:16,631] multiqc                                            [DEBUG  ]  No MultiQC config found: /home/gdtheisenlab/cxt050/.multiqc_config.yaml
[2024-12-18 17:17:16,631] multiqc                                            [DEBUG  ]  No MultiQC config found: multiqc_config.yaml
[2024-12-18 17:17:16,631] multiqc                                            [DEBUG  ]  Command used: /opt/miniforge3/envs/rna_env/bin/multiqc -f /mnt/outputs
[2024-12-18 17:17:17,243] multiqc                                            [WARNING]  MultiQC Version v1.25.2 now available!
[2024-12-18 17:17:17,243] multiqc                                            [INFO   ]  This is MultiQC v1.9
[2024-12-18 17:17:17,243] multiqc                                            [DEBUG  ]  Command     : /opt/miniforge3/envs/rna_env/bin/multiqc -f /mnt/outputs
[2024-12-18 17:17:17,244] multiqc                                            [DEBUG  ]  Working dir : /mnt/outputs/fastqc_rslt
[2024-12-18 17:17:17,244] multiqc                                            [INFO   ]  Template    : default
[2024-12-18 17:17:17,244] multiqc                                            [DEBUG  ]  Running Python 3.8.19 | packaged by conda-forge | (default, Mar 20 2024, 12:47:35)  [GCC 12.3.0]
[2024-12-18 17:17:17,244] multiqc                                            [INFO   ]  Searching   : /mnt/outputs
[2024-12-18 17:17:17,245] multiqc                                            [DEBUG  ]  Analysing modules: custom_content, conpair, peddy, somalier, methylQA, mosdepth, phantompeakqualtools, qualimap, preseq, quast, qorts, rna_seqc, rockhopper, rsem, rseqc, busco, goleft_indexcov, disambiguate, supernova, deeptools, sargasso, verifybamid, mirtrace, happy, mirtop, homer, macs2, theta2, snpeff, gatk, htseq, bcftools, featureCounts, fgbio, dragen, dedup, damageprofiler, biobambam2, mtnucratio, picard, prokka, samblaster, samtools, sexdeterrmine, bamtools, jellyfish, vcftools, longranger, stacks, varscan2, bbmap, bismark, biscuit, hicexplorer, hicup, hicpro, salmon, kallisto, slamdunk, star, hisat2, tophat, bowtie2, bowtie1, snpsplit, kat, leehom, adapterRemoval, clipandmerge, cutadapt, flexbar, kaiju, kraken, malt, trimmomatic, sickle, skewer, sortmerna, biobloomtools, fastq_screen, afterqc, fastp, fastqc, pycoqc, minionqc, multivcfanalyzer, clusterflow, bcl2fastq, interop, ivar, flash, seqyclean
[2024-12-18 17:17:17,245] multiqc                                            [DEBUG  ]  Using temporary directory for creating report: /tmp/tmpooyu18j_
[2024-12-18 17:17:17,390] multiqc                                            [DEBUG  ]  Ignoring directory as matched fn_ignore_dirs: /mnt/outputs/fastqc_rslt/multiqc_data
[2024-12-18 17:17:17,481] multiqc                                            [DEBUG  ]  File ignored by longranger/invocation because it exceeded search pattern filesize limit: star_pass1_iEF_EF_rep2.out
[2024-12-18 17:17:17,495] multiqc                                            [DEBUG  ]  File ignored by hicexplorer because it exceeded search pattern filesize limit: featureCounts_iEF_EE4_rep2.out
[2024-12-18 17:17:17,498] multiqc                                            [DEBUG  ]  File ignored by longranger/invocation because it exceeded search pattern filesize limit: featureCounts_iEF_EE4_rep2.out
[2024-12-18 17:17:17,513] multiqc                                            [DEBUG  ]  File ignored by hicexplorer because it exceeded search pattern filesize limit: star_pass2_iEF_empty_rep2.out
[2024-12-18 17:17:17,516] multiqc                                            [DEBUG  ]  File ignored by longranger/invocation because it exceeded search pattern filesize limit: star_pass2_iEF_empty_rep2.out
[2024-12-18 17:17:17,535] multiqc                                            [DEBUG  ]  File ignored by longranger/invocation because it exceeded search pattern filesize limit: check_feature_counts.out
[2024-12-18 17:17:17,548] multiqc                                            [DEBUG  ]  File ignored by hicexplorer because it exceeded search pattern filesize limit: check_run_star_pass1.out
[2024-12-18 17:17:17,551] multiqc                                            [DEBUG  ]  File ignored by longranger/invocation because it exceeded search pattern filesize limit: check_run_star_pass1.out
[2024-12-18 17:17:17,567] multiqc                                            [DEBUG  ]  File ignored by longranger/invocation because it exceeded search pattern filesize limit: star_pass1_iEF_EE4_rep2.out
[2024-12-18 17:17:17,596] multiqc                                            [DEBUG  ]  File ignored by longranger/invocation because it exceeded search pattern filesize limit: star_pass1_iEF_empty_rep1.out
[2024-12-18 17:17:17,610] multiqc                                            [DEBUG  ]  File ignored by longranger/invocation because it exceeded search pattern filesize limit: combinebw_iEF_EF.out
[2024-12-18 17:17:17,623] multiqc                                            [DEBUG  ]  File ignored by hicexplorer because it exceeded search pattern filesize limit: trim_fastqc_iEF_empty_rep2.out
[2024-12-18 17:17:17,626] multiqc                                            [DEBUG  ]  File ignored by longranger/invocation because it exceeded search pattern filesize limit: trim_fastqc_iEF_empty_rep2.out
[2024-12-18 17:17:17,644] multiqc                                            [DEBUG  ]  File ignored by hicexplorer because it exceeded search pattern filesize limit: check_trim.out
[2024-12-18 17:17:17,647] multiqc                                            [DEBUG  ]  File ignored by longranger/invocation because it exceeded search pattern filesize limit: check_trim.out
[2024-12-18 17:17:17,676] multiqc                                            [DEBUG  ]  File ignored by hicexplorer because it exceeded search pattern filesize limit: check_star_pass2.out
[2024-12-18 17:17:17,679] multiqc                                            [DEBUG  ]  File ignored by longranger/invocation because it exceeded search pattern filesize limit: check_star_pass2.out
[2024-12-18 17:17:17,743] multiqc                                            [DEBUG  ]  File ignored by hicexplorer because it exceeded search pattern filesize limit: star_pass2_iEF_empty_rep1.out
[2024-12-18 17:17:17,746] multiqc                                            [DEBUG  ]  File ignored by longranger/invocation because it exceeded search pattern filesize limit: star_pass2_iEF_empty_rep1.out
[2024-12-18 17:17:17,760] multiqc                                            [DEBUG  ]  File ignored by hicexplorer because it exceeded search pattern filesize limit: star_pass2_iEF_EE4_rep1.out
[2024-12-18 17:17:17,763] multiqc                                            [DEBUG  ]  File ignored by longranger/invocation because it exceeded search pattern filesize limit: star_pass2_iEF_EE4_rep1.out
[2024-12-18 17:17:17,779] multiqc                                            [DEBUG  ]  File ignored by longranger/invocation because it exceeded search pattern filesize limit: star_pass1_iEF_empty_rep2.out
[2024-12-18 17:17:17,792] multiqc                                            [DEBUG  ]  File ignored by hicexplorer because it exceeded search pattern filesize limit: trim_fastqc_iEF_EF_rep2.out
[2024-12-18 17:17:17,794] multiqc                                            [DEBUG  ]  File ignored by longranger/invocation because it exceeded search pattern filesize limit: trim_fastqc_iEF_EF_rep2.out
[2024-12-18 17:17:17,846] multiqc                                            [DEBUG  ]  File ignored by longranger/invocation because it exceeded search pattern filesize limit: star_pass1_iEF_EF_rep1.out
[2024-12-18 17:17:17,861] multiqc                                            [DEBUG  ]  File ignored by longranger/invocation because it exceeded search pattern filesize limit: run_align_create_tracks_rna.out
[2024-12-18 17:17:17,890] multiqc                                            [DEBUG  ]  File ignored by longranger/invocation because it exceeded search pattern filesize limit: combinebw_iEF_empty.out
[2024-12-18 17:17:17,904] multiqc                                            [DEBUG  ]  File ignored by longranger/invocation because it exceeded search pattern filesize limit: check_run_star_index.out
[2024-12-18 17:17:17,917] multiqc                                            [DEBUG  ]  File ignored by hicexplorer because it exceeded search pattern filesize limit: run_sartools.out
[2024-12-18 17:17:17,920] multiqc                                            [DEBUG  ]  File ignored by longranger/invocation because it exceeded search pattern filesize limit: run_sartools.out
[2024-12-18 17:17:17,961] multiqc                                            [DEBUG  ]  File ignored by hicexplorer because it exceeded search pattern filesize limit: star_pass2_iEF_EF_rep1.out
[2024-12-18 17:17:17,964] multiqc                                            [DEBUG  ]  File ignored by longranger/invocation because it exceeded search pattern filesize limit: star_pass2_iEF_EF_rep1.out
[2024-12-18 17:17:17,979] multiqc                                            [DEBUG  ]  File ignored by hicexplorer because it exceeded search pattern filesize limit: check_star_index.out
[2024-12-18 17:17:17,981] multiqc                                            [DEBUG  ]  File ignored by longranger/invocation because it exceeded search pattern filesize limit: check_star_index.out
[2024-12-18 17:17:18,094] multiqc                                            [DEBUG  ]  File ignored by longranger/invocation because it exceeded search pattern filesize limit: star_index.out
[2024-12-18 17:17:18,107] multiqc                                            [DEBUG  ]  File ignored by hicexplorer because it exceeded search pattern filesize limit: featureCounts_iEF_empty_rep1.out
[2024-12-18 17:17:18,110] multiqc                                            [DEBUG  ]  File ignored by longranger/invocation because it exceeded search pattern filesize limit: featureCounts_iEF_empty_rep1.out
[2024-12-18 17:17:18,126] multiqc                                            [DEBUG  ]  File ignored by longranger/invocation because it exceeded search pattern filesize limit: samples.txt
[2024-12-18 17:17:18,141] multiqc                                            [DEBUG  ]  File ignored by longranger/invocation because it exceeded search pattern filesize limit: star_pass1_iEF_EE4_rep1.out
[2024-12-18 17:17:18,155] multiqc                                            [DEBUG  ]  File ignored by longranger/invocation because it exceeded search pattern filesize limit: check_sartools.out
[2024-12-18 17:17:18,169] multiqc                                            [DEBUG  ]  File ignored by hicexplorer because it exceeded search pattern filesize limit: trim_fastqc_iEF_empty_rep1.out
[2024-12-18 17:17:18,171] multiqc                                            [DEBUG  ]  File ignored by longranger/invocation because it exceeded search pattern filesize limit: trim_fastqc_iEF_empty_rep1.out
[2024-12-18 17:17:18,189] multiqc                                            [DEBUG  ]  File ignored by hicexplorer because it exceeded search pattern filesize limit: trim_fastqc_iEF_EE4_rep1.out
[2024-12-18 17:17:18,192] multiqc                                            [DEBUG  ]  File ignored by longranger/invocation because it exceeded search pattern filesize limit: trim_fastqc_iEF_EE4_rep1.out
[2024-12-18 17:17:18,210] multiqc                                            [DEBUG  ]  File ignored by hicexplorer because it exceeded search pattern filesize limit: star_pass2_iEF_EF_rep2.out
[2024-12-18 17:17:18,213] multiqc                                            [DEBUG  ]  File ignored by longranger/invocation because it exceeded search pattern filesize limit: star_pass2_iEF_EF_rep2.out
[2024-12-18 17:17:18,226] multiqc                                            [DEBUG  ]  File ignored by hicexplorer because it exceeded search pattern filesize limit: trim_fastqc_iEF_EE4_rep2.out
[2024-12-18 17:17:18,229] multiqc                                            [DEBUG  ]  File ignored by longranger/invocation because it exceeded search pattern filesize limit: trim_fastqc_iEF_EE4_rep2.out
[2024-12-18 17:17:18,263] multiqc                                            [DEBUG  ]  File ignored by longranger/invocation because it exceeded search pattern filesize limit: check_run_trim.out
[2024-12-18 17:17:18,274] multiqc                                            [DEBUG  ]  File ignored by hicexplorer because it exceeded search pattern filesize limit: run_trim_qc.out
[2024-12-18 17:17:18,277] multiqc                                            [DEBUG  ]  File ignored by longranger/invocation because it exceeded search pattern filesize limit: run_trim_qc.out
[2024-12-18 17:17:18,291] multiqc                                            [DEBUG  ]  File ignored by hicexplorer because it exceeded search pattern filesize limit: featureCounts_iEF_EF_rep2.out
[2024-12-18 17:17:18,294] multiqc                                            [DEBUG  ]  File ignored by longranger/invocation because it exceeded search pattern filesize limit: featureCounts_iEF_EF_rep2.out
[2024-12-18 17:17:18,307] multiqc                                            [DEBUG  ]  File ignored by hicexplorer because it exceeded search pattern filesize limit: featureCounts_iEF_EE4_rep1.out
[2024-12-18 17:17:18,309] multiqc                                            [DEBUG  ]  File ignored by longranger/invocation because it exceeded search pattern filesize limit: featureCounts_iEF_EE4_rep1.out
[2024-12-18 17:17:18,336] multiqc                                            [DEBUG  ]  File ignored by hicexplorer because it exceeded search pattern filesize limit: featureCounts_iEF_EF_rep1.out
[2024-12-18 17:17:18,339] multiqc                                            [DEBUG  ]  File ignored by longranger/invocation because it exceeded search pattern filesize limit: featureCounts_iEF_EF_rep1.out
[2024-12-18 17:17:18,366] multiqc                                            [DEBUG  ]  File ignored by hicexplorer because it exceeded search pattern filesize limit: featureCounts_iEF_empty_rep2.out
[2024-12-18 17:17:18,368] multiqc                                            [DEBUG  ]  File ignored by longranger/invocation because it exceeded search pattern filesize limit: featureCounts_iEF_empty_rep2.out
[2024-12-18 17:17:18,381] multiqc                                            [DEBUG  ]  File ignored by hicexplorer because it exceeded search pattern filesize limit: star_pass2_iEF_EE4_rep2.out
[2024-12-18 17:17:18,384] multiqc                                            [DEBUG  ]  File ignored by longranger/invocation because it exceeded search pattern filesize limit: star_pass2_iEF_EE4_rep2.out
[2024-12-18 17:17:18,397] multiqc                                            [DEBUG  ]  File ignored by hicexplorer because it exceeded search pattern filesize limit: trim_fastqc_iEF_EF_rep1.out
[2024-12-18 17:17:18,400] multiqc                                            [DEBUG  ]  File ignored by longranger/invocation because it exceeded search pattern filesize limit: trim_fastqc_iEF_EF_rep1.out
[2024-12-18 17:17:18,419] multiqc                                            [DEBUG  ]  File ignored by hicexplorer because it exceeded search pattern filesize limit: run_star_index.sh
[2024-12-18 17:17:18,422] multiqc                                            [DEBUG  ]  File ignored by longranger/invocation because it exceeded search pattern filesize limit: run_star_index.sh
[2024-12-18 17:17:18,456] multiqc                                            [DEBUG  ]  File ignored by hicexplorer because it exceeded search pattern filesize limit: run_trim_qc.sh
[2024-12-18 17:17:18,459] multiqc                                            [DEBUG  ]  File ignored by longranger/invocation because it exceeded search pattern filesize limit: run_trim_qc.sh
[2024-12-18 17:17:18,508] multiqc                                            [DEBUG  ]  File ignored by hicexplorer because it exceeded search pattern filesize limit: run_rnaseq_full.sh
[2024-12-18 17:17:18,511] multiqc                                            [DEBUG  ]  File ignored by longranger/invocation because it exceeded search pattern filesize limit: run_rnaseq_full.sh
[2024-12-18 17:17:18,534] multiqc                                            [DEBUG  ]  File ignored by hicexplorer because it exceeded search pattern filesize limit: run_align_create_tracks_rna.sh
[2024-12-18 17:17:18,537] multiqc                                            [DEBUG  ]  File ignored by longranger/invocation because it exceeded search pattern filesize limit: run_align_create_tracks_rna.sh
[2024-12-18 17:17:18,563] multiqc                                            [DEBUG  ]  File ignored by hicexplorer because it exceeded search pattern filesize limit: run_differential_analysis_rna.sh
[2024-12-18 17:17:18,566] multiqc                                            [DEBUG  ]  File ignored by longranger/invocation because it exceeded search pattern filesize limit: run_differential_analysis_rna.sh
[2024-12-18 17:17:18,657] multiqc                                            [DEBUG  ]  Ignoring file as matched an ignore pattern: RNA-seq_differential_analysis_report.html
[2024-12-18 17:17:18,668] multiqc                                            [DEBUG  ]  File ignored by hicexplorer because it exceeded search pattern filesize limit: RNA-seq_differential_analysis.RData
[2024-12-18 17:17:18,670] multiqc                                            [DEBUG  ]  File ignored by longranger/invocation because it exceeded search pattern filesize limit: RNA-seq_differential_analysis.RData
[2024-12-18 17:17:18,670] multiqc                                            [DEBUG  ]  File ignored by rockhopper because it exceeded search pattern filesize limit: RNA-seq_differential_analysis.RData
[2024-12-18 17:17:18,670] multiqc                                            [DEBUG  ]  File ignored by rseqc/bam_stat because it exceeded search pattern filesize limit: RNA-seq_differential_analysis.RData
[2024-12-18 17:17:18,670] multiqc                                            [DEBUG  ]  File ignored by rseqc/junction_annotation because it exceeded search pattern filesize limit: RNA-seq_differential_analysis.RData
[2024-12-18 17:17:18,670] multiqc                                            [DEBUG  ]  File ignored by rseqc/read_distribution because it exceeded search pattern filesize limit: RNA-seq_differential_analysis.RData
[2024-12-18 17:17:18,670] multiqc                                            [DEBUG  ]  File ignored by rseqc/infer_experiment because it exceeded search pattern filesize limit: RNA-seq_differential_analysis.RData
[2024-12-18 17:17:18,670] multiqc                                            [DEBUG  ]  File ignored by snpeff because it exceeded search pattern filesize limit: RNA-seq_differential_analysis.RData
[2024-12-18 17:17:18,670] multiqc                                            [DEBUG  ]  File ignored by stacks/sumstats because it exceeded search pattern filesize limit: RNA-seq_differential_analysis.RData
[2024-12-18 17:17:18,684] multiqc                                            [DEBUG  ]  File ignored by hicexplorer because it exceeded search pattern filesize limit: iEFEE4vsiEFempty.complete.txt
[2024-12-18 17:17:18,686] multiqc                                            [DEBUG  ]  File ignored by longranger/invocation because it exceeded search pattern filesize limit: iEFEE4vsiEFempty.complete.txt
[2024-12-18 17:17:18,686] multiqc                                            [DEBUG  ]  File ignored by rockhopper because it exceeded search pattern filesize limit: iEFEE4vsiEFempty.complete.txt
[2024-12-18 17:17:18,686] multiqc                                            [DEBUG  ]  File ignored by rseqc/bam_stat because it exceeded search pattern filesize limit: iEFEE4vsiEFempty.complete.txt
[2024-12-18 17:17:18,686] multiqc                                            [DEBUG  ]  File ignored by rseqc/junction_annotation because it exceeded search pattern filesize limit: iEFEE4vsiEFempty.complete.txt
[2024-12-18 17:17:18,686] multiqc                                            [DEBUG  ]  File ignored by rseqc/read_distribution because it exceeded search pattern filesize limit: iEFEE4vsiEFempty.complete.txt
[2024-12-18 17:17:18,686] multiqc                                            [DEBUG  ]  File ignored by rseqc/infer_experiment because it exceeded search pattern filesize limit: iEFEE4vsiEFempty.complete.txt
[2024-12-18 17:17:18,866] multiqc                                            [DEBUG  ]  File ignored by hicexplorer because it exceeded search pattern filesize limit: iEFEFvsiEFempty.complete.txt
[2024-12-18 17:17:18,868] multiqc                                            [DEBUG  ]  File ignored by longranger/invocation because it exceeded search pattern filesize limit: iEFEFvsiEFempty.complete.txt
[2024-12-18 17:17:18,868] multiqc                                            [DEBUG  ]  File ignored by rockhopper because it exceeded search pattern filesize limit: iEFEFvsiEFempty.complete.txt
[2024-12-18 17:17:18,868] multiqc                                            [DEBUG  ]  File ignored by rseqc/bam_stat because it exceeded search pattern filesize limit: iEFEFvsiEFempty.complete.txt
[2024-12-18 17:17:18,868] multiqc                                            [DEBUG  ]  File ignored by rseqc/junction_annotation because it exceeded search pattern filesize limit: iEFEFvsiEFempty.complete.txt
[2024-12-18 17:17:18,869] multiqc                                            [DEBUG  ]  File ignored by rseqc/read_distribution because it exceeded search pattern filesize limit: iEFEFvsiEFempty.complete.txt
[2024-12-18 17:17:18,869] multiqc                                            [DEBUG  ]  File ignored by rseqc/infer_experiment because it exceeded search pattern filesize limit: iEFEFvsiEFempty.complete.txt
[2024-12-18 17:17:19,064] multiqc                                            [DEBUG  ]  File ignored by hicexplorer because it exceeded search pattern filesize limit: iEFEE4vsiEFEF.complete.txt
[2024-12-18 17:17:19,066] multiqc                                            [DEBUG  ]  File ignored by longranger/invocation because it exceeded search pattern filesize limit: iEFEE4vsiEFEF.complete.txt
[2024-12-18 17:17:19,066] multiqc                                            [DEBUG  ]  File ignored by rockhopper because it exceeded search pattern filesize limit: iEFEE4vsiEFEF.complete.txt
[2024-12-18 17:17:19,066] multiqc                                            [DEBUG  ]  File ignored by rseqc/bam_stat because it exceeded search pattern filesize limit: iEFEE4vsiEFEF.complete.txt
[2024-12-18 17:17:19,066] multiqc                                            [DEBUG  ]  File ignored by rseqc/junction_annotation because it exceeded search pattern filesize limit: iEFEE4vsiEFEF.complete.txt
[2024-12-18 17:17:19,066] multiqc                                            [DEBUG  ]  File ignored by rseqc/read_distribution because it exceeded search pattern filesize limit: iEFEE4vsiEFEF.complete.txt
[2024-12-18 17:17:19,066] multiqc                                            [DEBUG  ]  File ignored by rseqc/infer_experiment because it exceeded search pattern filesize limit: iEFEE4vsiEFEF.complete.txt
[2024-12-18 17:17:19,240] multiqc                                            [DEBUG  ]  File ignored by longranger/invocation because it exceeded search pattern filesize limit: iEFEFvsiEFempty.down.txt
[2024-12-18 17:17:19,269] multiqc                                            [DEBUG  ]  Ignoring file as matched an ignore pattern: DiffPlot.pdf
[2024-12-18 17:17:19,317] multiqc                                            [DEBUG  ]  File ignored by hicexplorer because it exceeded search pattern filesize limit: iEF_empty_rep1_SJ.out.tab
[2024-12-18 17:17:19,318] multiqc                                            [DEBUG  ]  File ignored by longranger/invocation because it exceeded search pattern filesize limit: iEF_empty_rep1_SJ.out.tab
[2024-12-18 17:17:19,437] multiqc                                            [DEBUG  ]  Ignoring file as matched an ignore pattern: iEF_EF_rep2_Aligned.sortedByCoord.out.bam.bai
[2024-12-18 17:17:19,442] multiqc                                            [DEBUG  ]  File ignored by hicexplorer because it exceeded search pattern filesize limit: iEF_empty_rep2_Log.out
[2024-12-18 17:17:19,444] multiqc                                            [DEBUG  ]  File ignored by longranger/invocation because it exceeded search pattern filesize limit: iEF_empty_rep2_Log.out
[2024-12-18 17:17:19,453] multiqc                                            [DEBUG  ]  Ignoring file as matched an ignore pattern: iEF_EF_rep1_Aligned.sortedByCoord.out.bam.bai
[2024-12-18 17:17:19,453] multiqc                                            [DEBUG  ]  Ignoring file as matched an ignore pattern: iEF_EE4_rep1_Aligned.sortedByCoord.out.bam.bai
[2024-12-18 17:17:19,466] multiqc                                            [DEBUG  ]  File ignored by hicexplorer because it exceeded search pattern filesize limit: iEF_EE4_rep2_SJ.out.tab
[2024-12-18 17:17:19,468] multiqc                                            [DEBUG  ]  File ignored by longranger/invocation because it exceeded search pattern filesize limit: iEF_EE4_rep2_SJ.out.tab
[2024-12-18 17:17:19,605] multiqc                                            [DEBUG  ]  File ignored by hicexplorer because it exceeded search pattern filesize limit: iEF_EF_rep1_SJ.out.tab
[2024-12-18 17:17:19,607] multiqc                                            [DEBUG  ]  File ignored by longranger/invocation because it exceeded search pattern filesize limit: iEF_EF_rep1_SJ.out.tab
[2024-12-18 17:17:19,750] multiqc                                            [DEBUG  ]  Ignoring file as matched an ignore pattern: iEF_empty_rep1_Aligned.sortedByCoord.out.bam.bai
[2024-12-18 17:17:19,750] multiqc                                            [DEBUG  ]  Ignoring file as matched an ignore pattern: iEF_empty_rep1_Aligned.out.bam
[2024-12-18 17:17:19,769] multiqc                                            [DEBUG  ]  Ignoring file as matched an ignore pattern: iEF_empty_rep2_Aligned.sortedByCoord.out.bam.bai
[2024-12-18 17:17:19,774] multiqc                                            [DEBUG  ]  File ignored by hicexplorer because it exceeded search pattern filesize limit: iEF_EE4_rep2_Log.out
[2024-12-18 17:17:19,776] multiqc                                            [DEBUG  ]  File ignored by longranger/invocation because it exceeded search pattern filesize limit: iEF_EE4_rep2_Log.out
[2024-12-18 17:17:19,798] multiqc                                            [DEBUG  ]  File ignored by hicexplorer because it exceeded search pattern filesize limit: iEF_empty_rep2_SJ.out.tab
[2024-12-18 17:17:19,800] multiqc                                            [DEBUG  ]  File ignored by longranger/invocation because it exceeded search pattern filesize limit: iEF_empty_rep2_SJ.out.tab
[2024-12-18 17:17:19,911] multiqc                                            [DEBUG  ]  Ignoring file as matched an ignore pattern: iEF_empty_rep2_Aligned.sortedByCoord.out.bam
[2024-12-18 17:17:19,919] multiqc                                            [DEBUG  ]  Ignoring file as matched an ignore pattern: iEF_EF_rep1_Aligned.out.bam
[2024-12-18 17:17:19,927] multiqc                                            [DEBUG  ]  Ignoring file as matched an ignore pattern: iEF_EF_rep2_Aligned.out.bam
[2024-12-18 17:17:19,932] multiqc                                            [DEBUG  ]  File ignored by hicexplorer because it exceeded search pattern filesize limit: iEF_EF_rep2_SJ.out.tab
[2024-12-18 17:17:19,934] multiqc                                            [DEBUG  ]  File ignored by longranger/invocation because it exceeded search pattern filesize limit: iEF_EF_rep2_SJ.out.tab
[2024-12-18 17:17:20,068] multiqc                                            [DEBUG  ]  File ignored by hicexplorer because it exceeded search pattern filesize limit: iEF_EE4_rep1_SJ.out.tab
[2024-12-18 17:17:20,070] multiqc                                            [DEBUG  ]  File ignored by longranger/invocation because it exceeded search pattern filesize limit: iEF_EE4_rep1_SJ.out.tab
[2024-12-18 17:17:20,189] multiqc                                            [DEBUG  ]  Ignoring file as matched an ignore pattern: iEF_EE4_rep1_Aligned.out.bam
[2024-12-18 17:17:20,190] multiqc                                            [DEBUG  ]  Ignoring file as matched an ignore pattern: iEF_EF_rep1_Aligned.sortedByCoord.out.bam
[2024-12-18 17:17:20,194] multiqc                                            [DEBUG  ]  File ignored by hicexplorer because it exceeded search pattern filesize limit: iEF_EF_rep1_Log.out
[2024-12-18 17:17:20,196] multiqc                                            [DEBUG  ]  File ignored by longranger/invocation because it exceeded search pattern filesize limit: iEF_EF_rep1_Log.out
[2024-12-18 17:17:20,203] multiqc                                            [DEBUG  ]  Ignoring file as matched an ignore pattern: iEF_EE4_rep2_Aligned.sortedByCoord.out.bam.bai
[2024-12-18 17:17:20,203] multiqc                                            [DEBUG  ]  Ignoring file as matched an ignore pattern: iEF_empty_rep1_Aligned.sortedByCoord.out.bam
[2024-12-18 17:17:20,212] multiqc                                            [DEBUG  ]  Ignoring file as matched an ignore pattern: iEF_EE4_rep2_Aligned.sortedByCoord.out.bam
[2024-12-18 17:17:20,224] multiqc                                            [DEBUG  ]  File ignored by hicexplorer because it exceeded search pattern filesize limit: iEF_EE4_rep1_Log.out
[2024-12-18 17:17:20,225] multiqc                                            [DEBUG  ]  File ignored by longranger/invocation because it exceeded search pattern filesize limit: iEF_EE4_rep1_Log.out
[2024-12-18 17:17:20,237] multiqc                                            [DEBUG  ]  File ignored by hicexplorer because it exceeded search pattern filesize limit: iEF_empty_rep1_Log.out
[2024-12-18 17:17:20,239] multiqc                                            [DEBUG  ]  File ignored by longranger/invocation because it exceeded search pattern filesize limit: iEF_empty_rep1_Log.out
[2024-12-18 17:17:20,251] multiqc                                            [DEBUG  ]  File ignored by hicexplorer because it exceeded search pattern filesize limit: iEF_EF_rep2_Log.out
[2024-12-18 17:17:20,252] multiqc                                            [DEBUG  ]  File ignored by longranger/invocation because it exceeded search pattern filesize limit: iEF_EF_rep2_Log.out
[2024-12-18 17:17:20,260] multiqc                                            [DEBUG  ]  Ignoring file as matched an ignore pattern: iEF_EE4_rep2_Aligned.out.bam
[2024-12-18 17:17:20,260] multiqc                                            [DEBUG  ]  Ignoring file as matched an ignore pattern: iEF_empty_rep2_Aligned.out.bam
[2024-12-18 17:17:20,260] multiqc                                            [DEBUG  ]  Ignoring file as matched an ignore pattern: iEF_EE4_rep1_Aligned.sortedByCoord.out.bam
[2024-12-18 17:17:20,269] multiqc                                            [DEBUG  ]  Ignoring file as matched an ignore pattern: iEF_EF_rep2_Aligned.sortedByCoord.out.bam
[2024-12-18 17:17:20,276] multiqc                                            [DEBUG  ]  File ignored by hicexplorer because it exceeded search pattern filesize limit: sjdbList.out.tab
[2024-12-18 17:17:20,277] multiqc                                            [DEBUG  ]  File ignored by longranger/invocation because it exceeded search pattern filesize limit: sjdbList.out.tab
[2024-12-18 17:17:20,277] multiqc                                            [DEBUG  ]  File ignored by rockhopper because it exceeded search pattern filesize limit: sjdbList.out.tab
[2024-12-18 17:17:20,277] multiqc                                            [DEBUG  ]  File ignored by rseqc/bam_stat because it exceeded search pattern filesize limit: sjdbList.out.tab
[2024-12-18 17:17:20,277] multiqc                                            [DEBUG  ]  File ignored by rseqc/junction_annotation because it exceeded search pattern filesize limit: sjdbList.out.tab
[2024-12-18 17:17:20,277] multiqc                                            [DEBUG  ]  File ignored by rseqc/read_distribution because it exceeded search pattern filesize limit: sjdbList.out.tab
[2024-12-18 17:17:20,277] multiqc                                            [DEBUG  ]  File ignored by rseqc/infer_experiment because it exceeded search pattern filesize limit: sjdbList.out.tab
[2024-12-18 17:17:20,278] multiqc                                            [DEBUG  ]  File ignored by snpeff because it exceeded search pattern filesize limit: sjdbList.out.tab
[2024-12-18 17:17:20,278] multiqc                                            [DEBUG  ]  File ignored by stacks/sumstats because it exceeded search pattern filesize limit: sjdbList.out.tab
[2024-12-18 17:17:23,089] multiqc                                            [DEBUG  ]  File ignored by hicexplorer because it exceeded search pattern filesize limit: sjdbInfo.txt
[2024-12-18 17:17:23,091] multiqc                                            [DEBUG  ]  File ignored by longranger/invocation because it exceeded search pattern filesize limit: sjdbInfo.txt
[2024-12-18 17:17:23,091] multiqc                                            [DEBUG  ]  File ignored by rockhopper because it exceeded search pattern filesize limit: sjdbInfo.txt
[2024-12-18 17:17:23,091] multiqc                                            [DEBUG  ]  File ignored by rseqc/bam_stat because it exceeded search pattern filesize limit: sjdbInfo.txt
[2024-12-18 17:17:23,091] multiqc                                            [DEBUG  ]  File ignored by rseqc/junction_annotation because it exceeded search pattern filesize limit: sjdbInfo.txt
[2024-12-18 17:17:23,091] multiqc                                            [DEBUG  ]  File ignored by rseqc/read_distribution because it exceeded search pattern filesize limit: sjdbInfo.txt
[2024-12-18 17:17:23,091] multiqc                                            [DEBUG  ]  File ignored by rseqc/infer_experiment because it exceeded search pattern filesize limit: sjdbInfo.txt
[2024-12-18 17:17:23,091] multiqc                                            [DEBUG  ]  File ignored by snpeff because it exceeded search pattern filesize limit: sjdbInfo.txt
[2024-12-18 17:17:23,091] multiqc                                            [DEBUG  ]  File ignored by stacks/sumstats because it exceeded search pattern filesize limit: sjdbInfo.txt
[2024-12-18 17:17:25,927] multiqc                                            [DEBUG  ]  File ignored by hicexplorer because it exceeded search pattern filesize limit: sjdbList.out.tab
[2024-12-18 17:17:25,928] multiqc                                            [DEBUG  ]  File ignored by longranger/invocation because it exceeded search pattern filesize limit: sjdbList.out.tab
[2024-12-18 17:17:25,928] multiqc                                            [DEBUG  ]  File ignored by rockhopper because it exceeded search pattern filesize limit: sjdbList.out.tab
[2024-12-18 17:17:25,928] multiqc                                            [DEBUG  ]  File ignored by rseqc/bam_stat because it exceeded search pattern filesize limit: sjdbList.out.tab
[2024-12-18 17:17:25,928] multiqc                                            [DEBUG  ]  File ignored by rseqc/junction_annotation because it exceeded search pattern filesize limit: sjdbList.out.tab
[2024-12-18 17:17:25,928] multiqc                                            [DEBUG  ]  File ignored by rseqc/read_distribution because it exceeded search pattern filesize limit: sjdbList.out.tab
[2024-12-18 17:17:25,929] multiqc                                            [DEBUG  ]  File ignored by rseqc/infer_experiment because it exceeded search pattern filesize limit: sjdbList.out.tab
[2024-12-18 17:17:25,929] multiqc                                            [DEBUG  ]  File ignored by snpeff because it exceeded search pattern filesize limit: sjdbList.out.tab
[2024-12-18 17:17:25,929] multiqc                                            [DEBUG  ]  File ignored by stacks/sumstats because it exceeded search pattern filesize limit: sjdbList.out.tab
[2024-12-18 17:17:28,684] multiqc                                            [DEBUG  ]  File ignored by hicexplorer because it exceeded search pattern filesize limit: sjdbInfo.txt
[2024-12-18 17:17:28,686] multiqc                                            [DEBUG  ]  File ignored by longranger/invocation because it exceeded search pattern filesize limit: sjdbInfo.txt
[2024-12-18 17:17:28,686] multiqc                                            [DEBUG  ]  File ignored by rockhopper because it exceeded search pattern filesize limit: sjdbInfo.txt
[2024-12-18 17:17:28,686] multiqc                                            [DEBUG  ]  File ignored by rseqc/bam_stat because it exceeded search pattern filesize limit: sjdbInfo.txt
[2024-12-18 17:17:28,686] multiqc                                            [DEBUG  ]  File ignored by rseqc/junction_annotation because it exceeded search pattern filesize limit: sjdbInfo.txt
[2024-12-18 17:17:28,686] multiqc                                            [DEBUG  ]  File ignored by rseqc/read_distribution because it exceeded search pattern filesize limit: sjdbInfo.txt
[2024-12-18 17:17:28,686] multiqc                                            [DEBUG  ]  File ignored by rseqc/infer_experiment because it exceeded search pattern filesize limit: sjdbInfo.txt
[2024-12-18 17:17:28,686] multiqc                                            [DEBUG  ]  File ignored by snpeff because it exceeded search pattern filesize limit: sjdbInfo.txt
[2024-12-18 17:17:28,686] multiqc                                            [DEBUG  ]  File ignored by stacks/sumstats because it exceeded search pattern filesize limit: sjdbInfo.txt
[2024-12-18 17:17:31,558] multiqc                                            [DEBUG  ]  File ignored by hicexplorer because it exceeded search pattern filesize limit: sjdbList.out.tab
[2024-12-18 17:17:31,559] multiqc                                            [DEBUG  ]  File ignored by longranger/invocation because it exceeded search pattern filesize limit: sjdbList.out.tab
[2024-12-18 17:17:31,559] multiqc                                            [DEBUG  ]  File ignored by rockhopper because it exceeded search pattern filesize limit: sjdbList.out.tab
[2024-12-18 17:17:31,559] multiqc                                            [DEBUG  ]  File ignored by rseqc/bam_stat because it exceeded search pattern filesize limit: sjdbList.out.tab
[2024-12-18 17:17:31,559] multiqc                                            [DEBUG  ]  File ignored by rseqc/junction_annotation because it exceeded search pattern filesize limit: sjdbList.out.tab
[2024-12-18 17:17:31,559] multiqc                                            [DEBUG  ]  File ignored by rseqc/read_distribution because it exceeded search pattern filesize limit: sjdbList.out.tab
[2024-12-18 17:17:31,559] multiqc                                            [DEBUG  ]  File ignored by rseqc/infer_experiment because it exceeded search pattern filesize limit: sjdbList.out.tab
[2024-12-18 17:17:31,559] multiqc                                            [DEBUG  ]  File ignored by snpeff because it exceeded search pattern filesize limit: sjdbList.out.tab
[2024-12-18 17:17:31,560] multiqc                                            [DEBUG  ]  File ignored by stacks/sumstats because it exceeded search pattern filesize limit: sjdbList.out.tab
[2024-12-18 17:17:34,316] multiqc                                            [DEBUG  ]  File ignored by hicexplorer because it exceeded search pattern filesize limit: sjdbInfo.txt
[2024-12-18 17:17:34,317] multiqc                                            [DEBUG  ]  File ignored by longranger/invocation because it exceeded search pattern filesize limit: sjdbInfo.txt
[2024-12-18 17:17:34,318] multiqc                                            [DEBUG  ]  File ignored by rockhopper because it exceeded search pattern filesize limit: sjdbInfo.txt
[2024-12-18 17:17:34,318] multiqc                                            [DEBUG  ]  File ignored by rseqc/bam_stat because it exceeded search pattern filesize limit: sjdbInfo.txt
[2024-12-18 17:17:34,318] multiqc                                            [DEBUG  ]  File ignored by rseqc/junction_annotation because it exceeded search pattern filesize limit: sjdbInfo.txt
[2024-12-18 17:17:34,318] multiqc                                            [DEBUG  ]  File ignored by rseqc/read_distribution because it exceeded search pattern filesize limit: sjdbInfo.txt
[2024-12-18 17:17:34,318] multiqc                                            [DEBUG  ]  File ignored by rseqc/infer_experiment because it exceeded search pattern filesize limit: sjdbInfo.txt
[2024-12-18 17:17:34,318] multiqc                                            [DEBUG  ]  File ignored by snpeff because it exceeded search pattern filesize limit: sjdbInfo.txt
[2024-12-18 17:17:34,318] multiqc                                            [DEBUG  ]  File ignored by stacks/sumstats because it exceeded search pattern filesize limit: sjdbInfo.txt
[2024-12-18 17:17:37,209] multiqc                                            [DEBUG  ]  File ignored by hicexplorer because it exceeded search pattern filesize limit: sjdbList.out.tab
[2024-12-18 17:17:37,211] multiqc                                            [DEBUG  ]  File ignored by longranger/invocation because it exceeded search pattern filesize limit: sjdbList.out.tab
[2024-12-18 17:17:37,211] multiqc                                            [DEBUG  ]  File ignored by rockhopper because it exceeded search pattern filesize limit: sjdbList.out.tab
[2024-12-18 17:17:37,211] multiqc                                            [DEBUG  ]  File ignored by rseqc/bam_stat because it exceeded search pattern filesize limit: sjdbList.out.tab
[2024-12-18 17:17:37,211] multiqc                                            [DEBUG  ]  File ignored by rseqc/junction_annotation because it exceeded search pattern filesize limit: sjdbList.out.tab
[2024-12-18 17:17:37,211] multiqc                                            [DEBUG  ]  File ignored by rseqc/read_distribution because it exceeded search pattern filesize limit: sjdbList.out.tab
[2024-12-18 17:17:37,211] multiqc                                            [DEBUG  ]  File ignored by rseqc/infer_experiment because it exceeded search pattern filesize limit: sjdbList.out.tab
[2024-12-18 17:17:37,211] multiqc                                            [DEBUG  ]  File ignored by snpeff because it exceeded search pattern filesize limit: sjdbList.out.tab
[2024-12-18 17:17:37,211] multiqc                                            [DEBUG  ]  File ignored by stacks/sumstats because it exceeded search pattern filesize limit: sjdbList.out.tab
[2024-12-18 17:17:40,018] multiqc                                            [DEBUG  ]  File ignored by hicexplorer because it exceeded search pattern filesize limit: sjdbInfo.txt
[2024-12-18 17:17:40,020] multiqc                                            [DEBUG  ]  File ignored by longranger/invocation because it exceeded search pattern filesize limit: sjdbInfo.txt
[2024-12-18 17:17:40,020] multiqc                                            [DEBUG  ]  File ignored by rockhopper because it exceeded search pattern filesize limit: sjdbInfo.txt
[2024-12-18 17:17:40,020] multiqc                                            [DEBUG  ]  File ignored by rseqc/bam_stat because it exceeded search pattern filesize limit: sjdbInfo.txt
[2024-12-18 17:17:40,020] multiqc                                            [DEBUG  ]  File ignored by rseqc/junction_annotation because it exceeded search pattern filesize limit: sjdbInfo.txt
[2024-12-18 17:17:40,020] multiqc                                            [DEBUG  ]  File ignored by rseqc/read_distribution because it exceeded search pattern filesize limit: sjdbInfo.txt
[2024-12-18 17:17:40,020] multiqc                                            [DEBUG  ]  File ignored by rseqc/infer_experiment because it exceeded search pattern filesize limit: sjdbInfo.txt
[2024-12-18 17:17:40,020] multiqc                                            [DEBUG  ]  File ignored by snpeff because it exceeded search pattern filesize limit: sjdbInfo.txt
[2024-12-18 17:17:40,020] multiqc                                            [DEBUG  ]  File ignored by stacks/sumstats because it exceeded search pattern filesize limit: sjdbInfo.txt
[2024-12-18 17:17:42,914] multiqc                                            [DEBUG  ]  File ignored by hicexplorer because it exceeded search pattern filesize limit: sjdbList.out.tab
[2024-12-18 17:17:42,915] multiqc                                            [DEBUG  ]  File ignored by longranger/invocation because it exceeded search pattern filesize limit: sjdbList.out.tab
[2024-12-18 17:17:42,915] multiqc                                            [DEBUG  ]  File ignored by rockhopper because it exceeded search pattern filesize limit: sjdbList.out.tab
[2024-12-18 17:17:42,915] multiqc                                            [DEBUG  ]  File ignored by rseqc/bam_stat because it exceeded search pattern filesize limit: sjdbList.out.tab
[2024-12-18 17:17:42,915] multiqc                                            [DEBUG  ]  File ignored by rseqc/junction_annotation because it exceeded search pattern filesize limit: sjdbList.out.tab
[2024-12-18 17:17:42,916] multiqc                                            [DEBUG  ]  File ignored by rseqc/read_distribution because it exceeded search pattern filesize limit: sjdbList.out.tab
[2024-12-18 17:17:42,916] multiqc                                            [DEBUG  ]  File ignored by rseqc/infer_experiment because it exceeded search pattern filesize limit: sjdbList.out.tab
[2024-12-18 17:17:42,916] multiqc                                            [DEBUG  ]  File ignored by snpeff because it exceeded search pattern filesize limit: sjdbList.out.tab
[2024-12-18 17:17:42,916] multiqc                                            [DEBUG  ]  File ignored by stacks/sumstats because it exceeded search pattern filesize limit: sjdbList.out.tab
[2024-12-18 17:17:45,701] multiqc                                            [DEBUG  ]  File ignored by hicexplorer because it exceeded search pattern filesize limit: sjdbInfo.txt
[2024-12-18 17:17:45,703] multiqc                                            [DEBUG  ]  File ignored by longranger/invocation because it exceeded search pattern filesize limit: sjdbInfo.txt
[2024-12-18 17:17:45,703] multiqc                                            [DEBUG  ]  File ignored by rockhopper because it exceeded search pattern filesize limit: sjdbInfo.txt
[2024-12-18 17:17:45,703] multiqc                                            [DEBUG  ]  File ignored by rseqc/bam_stat because it exceeded search pattern filesize limit: sjdbInfo.txt
[2024-12-18 17:17:45,703] multiqc                                            [DEBUG  ]  File ignored by rseqc/junction_annotation because it exceeded search pattern filesize limit: sjdbInfo.txt
[2024-12-18 17:17:45,703] multiqc                                            [DEBUG  ]  File ignored by rseqc/read_distribution because it exceeded search pattern filesize limit: sjdbInfo.txt
[2024-12-18 17:17:45,703] multiqc                                            [DEBUG  ]  File ignored by rseqc/infer_experiment because it exceeded search pattern filesize limit: sjdbInfo.txt
[2024-12-18 17:17:45,703] multiqc                                            [DEBUG  ]  File ignored by snpeff because it exceeded search pattern filesize limit: sjdbInfo.txt
[2024-12-18 17:17:45,703] multiqc                                            [DEBUG  ]  File ignored by stacks/sumstats because it exceeded search pattern filesize limit: sjdbInfo.txt
[2024-12-18 17:17:48,714] multiqc                                            [DEBUG  ]  File ignored by hicexplorer because it exceeded search pattern filesize limit: sjdbList.out.tab
[2024-12-18 17:17:48,716] multiqc                                            [DEBUG  ]  File ignored by longranger/invocation because it exceeded search pattern filesize limit: sjdbList.out.tab
[2024-12-18 17:17:48,716] multiqc                                            [DEBUG  ]  File ignored by rockhopper because it exceeded search pattern filesize limit: sjdbList.out.tab
[2024-12-18 17:17:48,716] multiqc                                            [DEBUG  ]  File ignored by rseqc/bam_stat because it exceeded search pattern filesize limit: sjdbList.out.tab
[2024-12-18 17:17:48,716] multiqc                                            [DEBUG  ]  File ignored by rseqc/junction_annotation because it exceeded search pattern filesize limit: sjdbList.out.tab
[2024-12-18 17:17:48,717] multiqc                                            [DEBUG  ]  File ignored by rseqc/read_distribution because it exceeded search pattern filesize limit: sjdbList.out.tab
[2024-12-18 17:17:48,717] multiqc                                            [DEBUG  ]  File ignored by rseqc/infer_experiment because it exceeded search pattern filesize limit: sjdbList.out.tab
[2024-12-18 17:17:48,717] multiqc                                            [DEBUG  ]  File ignored by snpeff because it exceeded search pattern filesize limit: sjdbList.out.tab
[2024-12-18 17:17:48,717] multiqc                                            [DEBUG  ]  File ignored by stacks/sumstats because it exceeded search pattern filesize limit: sjdbList.out.tab
[2024-12-18 17:17:51,650] multiqc                                            [DEBUG  ]  File ignored by hicexplorer because it exceeded search pattern filesize limit: sjdbInfo.txt
[2024-12-18 17:17:51,652] multiqc                                            [DEBUG  ]  File ignored by longranger/invocation because it exceeded search pattern filesize limit: sjdbInfo.txt
[2024-12-18 17:17:51,652] multiqc                                            [DEBUG  ]  File ignored by rockhopper because it exceeded search pattern filesize limit: sjdbInfo.txt
[2024-12-18 17:17:51,652] multiqc                                            [DEBUG  ]  File ignored by rseqc/bam_stat because it exceeded search pattern filesize limit: sjdbInfo.txt
[2024-12-18 17:17:51,652] multiqc                                            [DEBUG  ]  File ignored by rseqc/junction_annotation because it exceeded search pattern filesize limit: sjdbInfo.txt
[2024-12-18 17:17:51,652] multiqc                                            [DEBUG  ]  File ignored by rseqc/read_distribution because it exceeded search pattern filesize limit: sjdbInfo.txt
[2024-12-18 17:17:51,652] multiqc                                            [DEBUG  ]  File ignored by rseqc/infer_experiment because it exceeded search pattern filesize limit: sjdbInfo.txt
[2024-12-18 17:17:51,652] multiqc                                            [DEBUG  ]  File ignored by snpeff because it exceeded search pattern filesize limit: sjdbInfo.txt
[2024-12-18 17:17:51,652] multiqc                                            [DEBUG  ]  File ignored by stacks/sumstats because it exceeded search pattern filesize limit: sjdbInfo.txt
[2024-12-18 17:17:54,551] multiqc                                            [DEBUG  ]  File ignored by hicexplorer because it exceeded search pattern filesize limit: iEF_EF_comb.bw
[2024-12-18 17:17:54,553] multiqc                                            [DEBUG  ]  File ignored by longranger/invocation because it exceeded search pattern filesize limit: iEF_EF_comb.bw
[2024-12-18 17:17:54,553] multiqc                                            [DEBUG  ]  File ignored by rockhopper because it exceeded search pattern filesize limit: iEF_EF_comb.bw
[2024-12-18 17:17:54,553] multiqc                                            [DEBUG  ]  File ignored by rseqc/bam_stat because it exceeded search pattern filesize limit: iEF_EF_comb.bw
[2024-12-18 17:17:54,553] multiqc                                            [DEBUG  ]  File ignored by rseqc/junction_annotation because it exceeded search pattern filesize limit: iEF_EF_comb.bw
[2024-12-18 17:17:54,553] multiqc                                            [DEBUG  ]  File ignored by rseqc/read_distribution because it exceeded search pattern filesize limit: iEF_EF_comb.bw
[2024-12-18 17:17:54,553] multiqc                                            [DEBUG  ]  File ignored by rseqc/infer_experiment because it exceeded search pattern filesize limit: iEF_EF_comb.bw
[2024-12-18 17:17:54,560] multiqc                                            [DEBUG  ]  File ignored by hicexplorer because it exceeded search pattern filesize limit: iEF_empty_rep2_norm.bw
[2024-12-18 17:17:54,562] multiqc                                            [DEBUG  ]  File ignored by longranger/invocation because it exceeded search pattern filesize limit: iEF_empty_rep2_norm.bw
[2024-12-18 17:17:54,562] multiqc                                            [DEBUG  ]  File ignored by rockhopper because it exceeded search pattern filesize limit: iEF_empty_rep2_norm.bw
[2024-12-18 17:17:54,562] multiqc                                            [DEBUG  ]  File ignored by rseqc/bam_stat because it exceeded search pattern filesize limit: iEF_empty_rep2_norm.bw
[2024-12-18 17:17:54,562] multiqc                                            [DEBUG  ]  File ignored by rseqc/junction_annotation because it exceeded search pattern filesize limit: iEF_empty_rep2_norm.bw
[2024-12-18 17:17:54,562] multiqc                                            [DEBUG  ]  File ignored by rseqc/read_distribution because it exceeded search pattern filesize limit: iEF_empty_rep2_norm.bw
[2024-12-18 17:17:54,562] multiqc                                            [DEBUG  ]  File ignored by rseqc/infer_experiment because it exceeded search pattern filesize limit: iEF_empty_rep2_norm.bw
[2024-12-18 17:17:54,570] multiqc                                            [DEBUG  ]  File ignored by hicexplorer because it exceeded search pattern filesize limit: iEF_EF_rep2_norm.bw
[2024-12-18 17:17:54,572] multiqc                                            [DEBUG  ]  File ignored by longranger/invocation because it exceeded search pattern filesize limit: iEF_EF_rep2_norm.bw
[2024-12-18 17:17:54,572] multiqc                                            [DEBUG  ]  File ignored by rockhopper because it exceeded search pattern filesize limit: iEF_EF_rep2_norm.bw
[2024-12-18 17:17:54,572] multiqc                                            [DEBUG  ]  File ignored by rseqc/bam_stat because it exceeded search pattern filesize limit: iEF_EF_rep2_norm.bw
[2024-12-18 17:17:54,572] multiqc                                            [DEBUG  ]  File ignored by rseqc/junction_annotation because it exceeded search pattern filesize limit: iEF_EF_rep2_norm.bw
[2024-12-18 17:17:54,572] multiqc                                            [DEBUG  ]  File ignored by rseqc/read_distribution because it exceeded search pattern filesize limit: iEF_EF_rep2_norm.bw
[2024-12-18 17:17:54,572] multiqc                                            [DEBUG  ]  File ignored by rseqc/infer_experiment because it exceeded search pattern filesize limit: iEF_EF_rep2_norm.bw
[2024-12-18 17:17:54,580] multiqc                                            [DEBUG  ]  File ignored by hicexplorer because it exceeded search pattern filesize limit: iEF_EE4_rep2_norm.bw
[2024-12-18 17:17:54,581] multiqc                                            [DEBUG  ]  File ignored by longranger/invocation because it exceeded search pattern filesize limit: iEF_EE4_rep2_norm.bw
[2024-12-18 17:17:54,581] multiqc                                            [DEBUG  ]  File ignored by rockhopper because it exceeded search pattern filesize limit: iEF_EE4_rep2_norm.bw
[2024-12-18 17:17:54,581] multiqc                                            [DEBUG  ]  File ignored by rseqc/bam_stat because it exceeded search pattern filesize limit: iEF_EE4_rep2_norm.bw
[2024-12-18 17:17:54,581] multiqc                                            [DEBUG  ]  File ignored by rseqc/junction_annotation because it exceeded search pattern filesize limit: iEF_EE4_rep2_norm.bw
[2024-12-18 17:17:54,582] multiqc                                            [DEBUG  ]  File ignored by rseqc/read_distribution because it exceeded search pattern filesize limit: iEF_EE4_rep2_norm.bw
[2024-12-18 17:17:54,582] multiqc                                            [DEBUG  ]  File ignored by rseqc/infer_experiment because it exceeded search pattern filesize limit: iEF_EE4_rep2_norm.bw
[2024-12-18 17:17:54,590] multiqc                                            [DEBUG  ]  File ignored by hicexplorer because it exceeded search pattern filesize limit: iEF_empty_comb.bw
[2024-12-18 17:17:54,592] multiqc                                            [DEBUG  ]  File ignored by longranger/invocation because it exceeded search pattern filesize limit: iEF_empty_comb.bw
[2024-12-18 17:17:54,592] multiqc                                            [DEBUG  ]  File ignored by rockhopper because it exceeded search pattern filesize limit: iEF_empty_comb.bw
[2024-12-18 17:17:54,592] multiqc                                            [DEBUG  ]  File ignored by rseqc/bam_stat because it exceeded search pattern filesize limit: iEF_empty_comb.bw
[2024-12-18 17:17:54,592] multiqc                                            [DEBUG  ]  File ignored by rseqc/junction_annotation because it exceeded search pattern filesize limit: iEF_empty_comb.bw
[2024-12-18 17:17:54,592] multiqc                                            [DEBUG  ]  File ignored by rseqc/read_distribution because it exceeded search pattern filesize limit: iEF_empty_comb.bw
[2024-12-18 17:17:54,592] multiqc                                            [DEBUG  ]  File ignored by rseqc/infer_experiment because it exceeded search pattern filesize limit: iEF_empty_comb.bw
[2024-12-18 17:17:54,592] multiqc                                            [DEBUG  ]  File ignored by stacks/sumstats because it exceeded search pattern filesize limit: iEF_empty_comb.bw
[2024-12-18 17:17:54,600] multiqc                                            [DEBUG  ]  File ignored by hicexplorer because it exceeded search pattern filesize limit: iEF_EF_rep1_norm.bw
[2024-12-18 17:17:54,601] multiqc                                            [DEBUG  ]  File ignored by longranger/invocation because it exceeded search pattern filesize limit: iEF_EF_rep1_norm.bw
[2024-12-18 17:17:54,601] multiqc                                            [DEBUG  ]  File ignored by rockhopper because it exceeded search pattern filesize limit: iEF_EF_rep1_norm.bw
[2024-12-18 17:17:54,601] multiqc                                            [DEBUG  ]  File ignored by rseqc/bam_stat because it exceeded search pattern filesize limit: iEF_EF_rep1_norm.bw
[2024-12-18 17:17:54,601] multiqc                                            [DEBUG  ]  File ignored by rseqc/junction_annotation because it exceeded search pattern filesize limit: iEF_EF_rep1_norm.bw
[2024-12-18 17:17:54,601] multiqc                                            [DEBUG  ]  File ignored by rseqc/read_distribution because it exceeded search pattern filesize limit: iEF_EF_rep1_norm.bw
[2024-12-18 17:17:54,601] multiqc                                            [DEBUG  ]  File ignored by rseqc/infer_experiment because it exceeded search pattern filesize limit: iEF_EF_rep1_norm.bw
[2024-12-18 17:17:54,610] multiqc                                            [DEBUG  ]  File ignored by hicexplorer because it exceeded search pattern filesize limit: iEF_EE4_rep1_norm.bw
[2024-12-18 17:17:54,612] multiqc                                            [DEBUG  ]  File ignored by longranger/invocation because it exceeded search pattern filesize limit: iEF_EE4_rep1_norm.bw
[2024-12-18 17:17:54,612] multiqc                                            [DEBUG  ]  File ignored by rockhopper because it exceeded search pattern filesize limit: iEF_EE4_rep1_norm.bw
[2024-12-18 17:17:54,612] multiqc                                            [DEBUG  ]  File ignored by rseqc/bam_stat because it exceeded search pattern filesize limit: iEF_EE4_rep1_norm.bw
[2024-12-18 17:17:54,612] multiqc                                            [DEBUG  ]  File ignored by rseqc/junction_annotation because it exceeded search pattern filesize limit: iEF_EE4_rep1_norm.bw
[2024-12-18 17:17:54,612] multiqc                                            [DEBUG  ]  File ignored by rseqc/read_distribution because it exceeded search pattern filesize limit: iEF_EE4_rep1_norm.bw
[2024-12-18 17:17:54,612] multiqc                                            [DEBUG  ]  File ignored by rseqc/infer_experiment because it exceeded search pattern filesize limit: iEF_EE4_rep1_norm.bw
[2024-12-18 17:17:54,619] multiqc                                            [DEBUG  ]  File ignored by hicexplorer because it exceeded search pattern filesize limit: iEF_empty_rep1_norm.bw
[2024-12-18 17:17:54,621] multiqc                                            [DEBUG  ]  File ignored by longranger/invocation because it exceeded search pattern filesize limit: iEF_empty_rep1_norm.bw
[2024-12-18 17:17:54,621] multiqc                                            [DEBUG  ]  File ignored by rockhopper because it exceeded search pattern filesize limit: iEF_empty_rep1_norm.bw
[2024-12-18 17:17:54,621] multiqc                                            [DEBUG  ]  File ignored by rseqc/bam_stat because it exceeded search pattern filesize limit: iEF_empty_rep1_norm.bw
[2024-12-18 17:17:54,621] multiqc                                            [DEBUG  ]  File ignored by rseqc/junction_annotation because it exceeded search pattern filesize limit: iEF_empty_rep1_norm.bw
[2024-12-18 17:17:54,621] multiqc                                            [DEBUG  ]  File ignored by rseqc/read_distribution because it exceeded search pattern filesize limit: iEF_empty_rep1_norm.bw
[2024-12-18 17:17:54,621] multiqc                                            [DEBUG  ]  File ignored by rseqc/infer_experiment because it exceeded search pattern filesize limit: iEF_empty_rep1_norm.bw
[2024-12-18 17:17:54,624] multiqc                                            [DEBUG  ]  Ignoring file as matched an ignore pattern: iEF_empty_rep1_val_1.fq.gz
[2024-12-18 17:17:54,625] multiqc                                            [DEBUG  ]  Ignoring file as matched an ignore pattern: iEF_empty_rep1_val_2.fq.gz
[2024-12-18 17:17:54,625] multiqc                                            [DEBUG  ]  Ignoring file as matched an ignore pattern: iEF_empty_rep2_val_1.fq.gz
[2024-12-18 17:17:54,631] multiqc                                            [DEBUG  ]  File ignored by longranger/invocation because it exceeded search pattern filesize limit: iEF_EF_rep1_r1_fastq.gz_trimming_report.txt
[2024-12-18 17:17:54,642] multiqc                                            [DEBUG  ]  File ignored by longranger/invocation because it exceeded search pattern filesize limit: iEF_empty_rep2_r2_fastq.gz_trimming_report.txt
[2024-12-18 17:17:54,652] multiqc                                            [DEBUG  ]  File ignored by longranger/invocation because it exceeded search pattern filesize limit: iEF_empty_rep1_r2_fastq.gz_trimming_report.txt
[2024-12-18 17:17:54,657] multiqc                                            [DEBUG  ]  Ignoring file as matched an ignore pattern: iEF_EF_rep1_val_2.fq.gz
[2024-12-18 17:17:54,663] multiqc                                            [DEBUG  ]  File ignored by longranger/invocation because it exceeded search pattern filesize limit: iEF_EE4_rep2_r2_fastq.gz_trimming_report.txt
[2024-12-18 17:17:54,668] multiqc                                            [DEBUG  ]  Ignoring file as matched an ignore pattern: iEF_EE4_rep1_val_2.fq.gz
[2024-12-18 17:17:54,668] multiqc                                            [DEBUG  ]  Ignoring file as matched an ignore pattern: iEF_empty_rep2_val_2.fq.gz
[2024-12-18 17:17:54,668] multiqc                                            [DEBUG  ]  Ignoring file as matched an ignore pattern: iEF_EE4_rep1_val_1.fq.gz
[2024-12-18 17:17:54,674] multiqc                                            [DEBUG  ]  File ignored by longranger/invocation because it exceeded search pattern filesize limit: iEF_empty_rep2_r1_fastq.gz_trimming_report.txt
[2024-12-18 17:17:54,684] multiqc                                            [DEBUG  ]  File ignored by longranger/invocation because it exceeded search pattern filesize limit: iEF_EE4_rep1_r1_fastq.gz_trimming_report.txt
[2024-12-18 17:17:54,689] multiqc                                            [DEBUG  ]  Ignoring file as matched an ignore pattern: iEF_EE4_rep2_val_2.fq.gz
[2024-12-18 17:17:54,695] multiqc                                            [DEBUG  ]  File ignored by longranger/invocation because it exceeded search pattern filesize limit: iEF_EF_rep2_r2_fastq.gz_trimming_report.txt
[2024-12-18 17:17:54,699] multiqc                                            [DEBUG  ]  Ignoring file as matched an ignore pattern: iEF_EF_rep1_val_1.fq.gz
[2024-12-18 17:17:54,700] multiqc                                            [DEBUG  ]  Ignoring file as matched an ignore pattern: iEF_EE4_rep2_val_1.fq.gz
[2024-12-18 17:17:54,700] multiqc                                            [DEBUG  ]  Ignoring file as matched an ignore pattern: iEF_EF_rep2_val_2.fq.gz
[2024-12-18 17:17:54,700] multiqc                                            [DEBUG  ]  Ignoring file as matched an ignore pattern: iEF_EF_rep2_val_1.fq.gz
[2024-12-18 17:17:54,706] multiqc                                            [DEBUG  ]  File ignored by longranger/invocation because it exceeded search pattern filesize limit: iEF_EE4_rep2_r1_fastq.gz_trimming_report.txt
[2024-12-18 17:17:54,717] multiqc                                            [DEBUG  ]  File ignored by longranger/invocation because it exceeded search pattern filesize limit: iEF_empty_rep1_r1_fastq.gz_trimming_report.txt
[2024-12-18 17:17:54,726] multiqc                                            [DEBUG  ]  File ignored by longranger/invocation because it exceeded search pattern filesize limit: iEF_EF_rep2_r1_fastq.gz_trimming_report.txt
[2024-12-18 17:17:54,736] multiqc                                            [DEBUG  ]  File ignored by longranger/invocation because it exceeded search pattern filesize limit: iEF_EE4_rep1_r2_fastq.gz_trimming_report.txt
[2024-12-18 17:17:54,747] multiqc                                            [DEBUG  ]  File ignored by longranger/invocation because it exceeded search pattern filesize limit: iEF_EF_rep1_r2_fastq.gz_trimming_report.txt
[2024-12-18 17:17:54,760] multiqc                                            [DEBUG  ]  File ignored by hicexplorer because it exceeded search pattern filesize limit: iEF_empty_rep2_val_2_fastqc.html
[2024-12-18 17:17:54,761] multiqc                                            [DEBUG  ]  File ignored by longranger/invocation because it exceeded search pattern filesize limit: iEF_empty_rep2_val_2_fastqc.html
[2024-12-18 17:17:54,761] multiqc                                            [DEBUG  ]  File ignored by rockhopper because it exceeded search pattern filesize limit: iEF_empty_rep2_val_2_fastqc.html
[2024-12-18 17:17:54,761] multiqc                                            [DEBUG  ]  File ignored by rseqc/bam_stat because it exceeded search pattern filesize limit: iEF_empty_rep2_val_2_fastqc.html
[2024-12-18 17:17:54,761] multiqc                                            [DEBUG  ]  File ignored by rseqc/junction_annotation because it exceeded search pattern filesize limit: iEF_empty_rep2_val_2_fastqc.html
[2024-12-18 17:17:54,762] multiqc                                            [DEBUG  ]  File ignored by rseqc/read_distribution because it exceeded search pattern filesize limit: iEF_empty_rep2_val_2_fastqc.html
[2024-12-18 17:17:54,762] multiqc                                            [DEBUG  ]  File ignored by rseqc/infer_experiment because it exceeded search pattern filesize limit: iEF_empty_rep2_val_2_fastqc.html
[2024-12-18 17:17:54,834] multiqc                                            [DEBUG  ]  File ignored by hicexplorer because it exceeded search pattern filesize limit: iEF_empty_rep1_val_1_fastqc.html
[2024-12-18 17:17:54,836] multiqc                                            [DEBUG  ]  File ignored by longranger/invocation because it exceeded search pattern filesize limit: iEF_empty_rep1_val_1_fastqc.html
[2024-12-18 17:17:54,836] multiqc                                            [DEBUG  ]  File ignored by rockhopper because it exceeded search pattern filesize limit: iEF_empty_rep1_val_1_fastqc.html
[2024-12-18 17:17:54,836] multiqc                                            [DEBUG  ]  File ignored by rseqc/bam_stat because it exceeded search pattern filesize limit: iEF_empty_rep1_val_1_fastqc.html
[2024-12-18 17:17:54,836] multiqc                                            [DEBUG  ]  File ignored by rseqc/junction_annotation because it exceeded search pattern filesize limit: iEF_empty_rep1_val_1_fastqc.html
[2024-12-18 17:17:54,836] multiqc                                            [DEBUG  ]  File ignored by rseqc/read_distribution because it exceeded search pattern filesize limit: iEF_empty_rep1_val_1_fastqc.html
[2024-12-18 17:17:54,836] multiqc                                            [DEBUG  ]  File ignored by rseqc/infer_experiment because it exceeded search pattern filesize limit: iEF_empty_rep1_val_1_fastqc.html
[2024-12-18 17:17:54,889] multiqc                                            [DEBUG  ]  Ignoring file as matched an ignore pattern: multiqc_report.html
[2024-12-18 17:17:54,897] multiqc                                            [DEBUG  ]  File ignored by hicexplorer because it exceeded search pattern filesize limit: iEF_EF_rep2_val_1_fastqc.html
[2024-12-18 17:17:54,899] multiqc                                            [DEBUG  ]  File ignored by longranger/invocation because it exceeded search pattern filesize limit: iEF_EF_rep2_val_1_fastqc.html
[2024-12-18 17:17:54,899] multiqc                                            [DEBUG  ]  File ignored by rockhopper because it exceeded search pattern filesize limit: iEF_EF_rep2_val_1_fastqc.html
[2024-12-18 17:17:54,899] multiqc                                            [DEBUG  ]  File ignored by rseqc/bam_stat because it exceeded search pattern filesize limit: iEF_EF_rep2_val_1_fastqc.html
[2024-12-18 17:17:54,899] multiqc                                            [DEBUG  ]  File ignored by rseqc/junction_annotation because it exceeded search pattern filesize limit: iEF_EF_rep2_val_1_fastqc.html
[2024-12-18 17:17:54,899] multiqc                                            [DEBUG  ]  File ignored by rseqc/read_distribution because it exceeded search pattern filesize limit: iEF_EF_rep2_val_1_fastqc.html
[2024-12-18 17:17:54,899] multiqc                                            [DEBUG  ]  File ignored by rseqc/infer_experiment because it exceeded search pattern filesize limit: iEF_EF_rep2_val_1_fastqc.html
[2024-12-18 17:17:54,960] multiqc                                            [DEBUG  ]  File ignored by hicexplorer because it exceeded search pattern filesize limit: iEF_EF_rep2_val_2_fastqc.html
[2024-12-18 17:17:54,962] multiqc                                            [DEBUG  ]  File ignored by longranger/invocation because it exceeded search pattern filesize limit: iEF_EF_rep2_val_2_fastqc.html
[2024-12-18 17:17:54,962] multiqc                                            [DEBUG  ]  File ignored by rockhopper because it exceeded search pattern filesize limit: iEF_EF_rep2_val_2_fastqc.html
[2024-12-18 17:17:54,962] multiqc                                            [DEBUG  ]  File ignored by rseqc/bam_stat because it exceeded search pattern filesize limit: iEF_EF_rep2_val_2_fastqc.html
[2024-12-18 17:17:54,962] multiqc                                            [DEBUG  ]  File ignored by rseqc/junction_annotation because it exceeded search pattern filesize limit: iEF_EF_rep2_val_2_fastqc.html
[2024-12-18 17:17:54,962] multiqc                                            [DEBUG  ]  File ignored by rseqc/read_distribution because it exceeded search pattern filesize limit: iEF_EF_rep2_val_2_fastqc.html
[2024-12-18 17:17:54,962] multiqc                                            [DEBUG  ]  File ignored by rseqc/infer_experiment because it exceeded search pattern filesize limit: iEF_EF_rep2_val_2_fastqc.html
[2024-12-18 17:17:55,033] multiqc                                            [DEBUG  ]  File ignored by hicexplorer because it exceeded search pattern filesize limit: iEF_EE4_rep1_val_1_fastqc.html
[2024-12-18 17:17:55,035] multiqc                                            [DEBUG  ]  File ignored by longranger/invocation because it exceeded search pattern filesize limit: iEF_EE4_rep1_val_1_fastqc.html
[2024-12-18 17:17:55,035] multiqc                                            [DEBUG  ]  File ignored by rockhopper because it exceeded search pattern filesize limit: iEF_EE4_rep1_val_1_fastqc.html
[2024-12-18 17:17:55,035] multiqc                                            [DEBUG  ]  File ignored by rseqc/bam_stat because it exceeded search pattern filesize limit: iEF_EE4_rep1_val_1_fastqc.html
[2024-12-18 17:17:55,035] multiqc                                            [DEBUG  ]  File ignored by rseqc/junction_annotation because it exceeded search pattern filesize limit: iEF_EE4_rep1_val_1_fastqc.html
[2024-12-18 17:17:55,036] multiqc                                            [DEBUG  ]  File ignored by rseqc/read_distribution because it exceeded search pattern filesize limit: iEF_EE4_rep1_val_1_fastqc.html
[2024-12-18 17:17:55,036] multiqc                                            [DEBUG  ]  File ignored by rseqc/infer_experiment because it exceeded search pattern filesize limit: iEF_EE4_rep1_val_1_fastqc.html
[2024-12-18 17:17:55,114] multiqc                                            [DEBUG  ]  File ignored by hicexplorer because it exceeded search pattern filesize limit: iEF_empty_rep2_val_1_fastqc.html
[2024-12-18 17:17:55,116] multiqc                                            [DEBUG  ]  File ignored by longranger/invocation because it exceeded search pattern filesize limit: iEF_empty_rep2_val_1_fastqc.html
[2024-12-18 17:17:55,116] multiqc                                            [DEBUG  ]  File ignored by rockhopper because it exceeded search pattern filesize limit: iEF_empty_rep2_val_1_fastqc.html
[2024-12-18 17:17:55,116] multiqc                                            [DEBUG  ]  File ignored by rseqc/bam_stat because it exceeded search pattern filesize limit: iEF_empty_rep2_val_1_fastqc.html
[2024-12-18 17:17:55,116] multiqc                                            [DEBUG  ]  File ignored by rseqc/junction_annotation because it exceeded search pattern filesize limit: iEF_empty_rep2_val_1_fastqc.html
[2024-12-18 17:17:55,116] multiqc                                            [DEBUG  ]  File ignored by rseqc/read_distribution because it exceeded search pattern filesize limit: iEF_empty_rep2_val_1_fastqc.html
[2024-12-18 17:17:55,116] multiqc                                            [DEBUG  ]  File ignored by rseqc/infer_experiment because it exceeded search pattern filesize limit: iEF_empty_rep2_val_1_fastqc.html
[2024-12-18 17:17:55,198] multiqc                                            [DEBUG  ]  File ignored by hicexplorer because it exceeded search pattern filesize limit: iEF_EF_rep1_val_1_fastqc.html
[2024-12-18 17:17:55,200] multiqc                                            [DEBUG  ]  File ignored by longranger/invocation because it exceeded search pattern filesize limit: iEF_EF_rep1_val_1_fastqc.html
[2024-12-18 17:17:55,200] multiqc                                            [DEBUG  ]  File ignored by rockhopper because it exceeded search pattern filesize limit: iEF_EF_rep1_val_1_fastqc.html
[2024-12-18 17:17:55,200] multiqc                                            [DEBUG  ]  File ignored by rseqc/bam_stat because it exceeded search pattern filesize limit: iEF_EF_rep1_val_1_fastqc.html
[2024-12-18 17:17:55,200] multiqc                                            [DEBUG  ]  File ignored by rseqc/junction_annotation because it exceeded search pattern filesize limit: iEF_EF_rep1_val_1_fastqc.html
[2024-12-18 17:17:55,200] multiqc                                            [DEBUG  ]  File ignored by rseqc/read_distribution because it exceeded search pattern filesize limit: iEF_EF_rep1_val_1_fastqc.html
[2024-12-18 17:17:55,200] multiqc                                            [DEBUG  ]  File ignored by rseqc/infer_experiment because it exceeded search pattern filesize limit: iEF_EF_rep1_val_1_fastqc.html
[2024-12-18 17:17:55,279] multiqc                                            [DEBUG  ]  File ignored by hicexplorer because it exceeded search pattern filesize limit: iEF_EE4_rep1_val_2_fastqc.html
[2024-12-18 17:17:55,281] multiqc                                            [DEBUG  ]  File ignored by longranger/invocation because it exceeded search pattern filesize limit: iEF_EE4_rep1_val_2_fastqc.html
[2024-12-18 17:17:55,281] multiqc                                            [DEBUG  ]  File ignored by rockhopper because it exceeded search pattern filesize limit: iEF_EE4_rep1_val_2_fastqc.html
[2024-12-18 17:17:55,281] multiqc                                            [DEBUG  ]  File ignored by rseqc/bam_stat because it exceeded search pattern filesize limit: iEF_EE4_rep1_val_2_fastqc.html
[2024-12-18 17:17:55,281] multiqc                                            [DEBUG  ]  File ignored by rseqc/junction_annotation because it exceeded search pattern filesize limit: iEF_EE4_rep1_val_2_fastqc.html
[2024-12-18 17:17:55,281] multiqc                                            [DEBUG  ]  File ignored by rseqc/read_distribution because it exceeded search pattern filesize limit: iEF_EE4_rep1_val_2_fastqc.html
[2024-12-18 17:17:55,282] multiqc                                            [DEBUG  ]  File ignored by rseqc/infer_experiment because it exceeded search pattern filesize limit: iEF_EE4_rep1_val_2_fastqc.html
[2024-12-18 17:17:55,365] multiqc                                            [DEBUG  ]  File ignored by hicexplorer because it exceeded search pattern filesize limit: iEF_empty_rep1_val_2_fastqc.html
[2024-12-18 17:17:55,368] multiqc                                            [DEBUG  ]  File ignored by longranger/invocation because it exceeded search pattern filesize limit: iEF_empty_rep1_val_2_fastqc.html
[2024-12-18 17:17:55,368] multiqc                                            [DEBUG  ]  File ignored by rockhopper because it exceeded search pattern filesize limit: iEF_empty_rep1_val_2_fastqc.html
[2024-12-18 17:17:55,368] multiqc                                            [DEBUG  ]  File ignored by rseqc/bam_stat because it exceeded search pattern filesize limit: iEF_empty_rep1_val_2_fastqc.html
[2024-12-18 17:17:55,368] multiqc                                            [DEBUG  ]  File ignored by rseqc/junction_annotation because it exceeded search pattern filesize limit: iEF_empty_rep1_val_2_fastqc.html
[2024-12-18 17:17:55,368] multiqc                                            [DEBUG  ]  File ignored by rseqc/read_distribution because it exceeded search pattern filesize limit: iEF_empty_rep1_val_2_fastqc.html
[2024-12-18 17:17:55,368] multiqc                                            [DEBUG  ]  File ignored by rseqc/infer_experiment because it exceeded search pattern filesize limit: iEF_empty_rep1_val_2_fastqc.html
[2024-12-18 17:17:55,459] multiqc                                            [DEBUG  ]  File ignored by hicexplorer because it exceeded search pattern filesize limit: iEF_EF_rep1_val_2_fastqc.html
[2024-12-18 17:17:55,460] multiqc                                            [DEBUG  ]  File ignored by longranger/invocation because it exceeded search pattern filesize limit: iEF_EF_rep1_val_2_fastqc.html
[2024-12-18 17:17:55,461] multiqc                                            [DEBUG  ]  File ignored by rockhopper because it exceeded search pattern filesize limit: iEF_EF_rep1_val_2_fastqc.html
[2024-12-18 17:17:55,461] multiqc                                            [DEBUG  ]  File ignored by rseqc/bam_stat because it exceeded search pattern filesize limit: iEF_EF_rep1_val_2_fastqc.html
[2024-12-18 17:17:55,461] multiqc                                            [DEBUG  ]  File ignored by rseqc/junction_annotation because it exceeded search pattern filesize limit: iEF_EF_rep1_val_2_fastqc.html
[2024-12-18 17:17:55,461] multiqc                                            [DEBUG  ]  File ignored by rseqc/read_distribution because it exceeded search pattern filesize limit: iEF_EF_rep1_val_2_fastqc.html
[2024-12-18 17:17:55,461] multiqc                                            [DEBUG  ]  File ignored by rseqc/infer_experiment because it exceeded search pattern filesize limit: iEF_EF_rep1_val_2_fastqc.html
[2024-12-18 17:17:55,539] multiqc                                            [DEBUG  ]  File ignored by hicexplorer because it exceeded search pattern filesize limit: iEF_EE4_rep2_val_1_fastqc.html
[2024-12-18 17:17:55,541] multiqc                                            [DEBUG  ]  File ignored by longranger/invocation because it exceeded search pattern filesize limit: iEF_EE4_rep2_val_1_fastqc.html
[2024-12-18 17:17:55,541] multiqc                                            [DEBUG  ]  File ignored by rockhopper because it exceeded search pattern filesize limit: iEF_EE4_rep2_val_1_fastqc.html
[2024-12-18 17:17:55,541] multiqc                                            [DEBUG  ]  File ignored by rseqc/bam_stat because it exceeded search pattern filesize limit: iEF_EE4_rep2_val_1_fastqc.html
[2024-12-18 17:17:55,541] multiqc                                            [DEBUG  ]  File ignored by rseqc/junction_annotation because it exceeded search pattern filesize limit: iEF_EE4_rep2_val_1_fastqc.html
[2024-12-18 17:17:55,541] multiqc                                            [DEBUG  ]  File ignored by rseqc/read_distribution because it exceeded search pattern filesize limit: iEF_EE4_rep2_val_1_fastqc.html
[2024-12-18 17:17:55,541] multiqc                                            [DEBUG  ]  File ignored by rseqc/infer_experiment because it exceeded search pattern filesize limit: iEF_EE4_rep2_val_1_fastqc.html
[2024-12-18 17:17:55,607] multiqc                                            [DEBUG  ]  File ignored by hicexplorer because it exceeded search pattern filesize limit: iEF_EE4_rep2_val_2_fastqc.html
[2024-12-18 17:17:55,609] multiqc                                            [DEBUG  ]  File ignored by longranger/invocation because it exceeded search pattern filesize limit: iEF_EE4_rep2_val_2_fastqc.html
[2024-12-18 17:17:55,609] multiqc                                            [DEBUG  ]  File ignored by rockhopper because it exceeded search pattern filesize limit: iEF_EE4_rep2_val_2_fastqc.html
[2024-12-18 17:17:55,609] multiqc                                            [DEBUG  ]  File ignored by rseqc/bam_stat because it exceeded search pattern filesize limit: iEF_EE4_rep2_val_2_fastqc.html
[2024-12-18 17:17:55,609] multiqc                                            [DEBUG  ]  File ignored by rseqc/junction_annotation because it exceeded search pattern filesize limit: iEF_EE4_rep2_val_2_fastqc.html
[2024-12-18 17:17:55,609] multiqc                                            [DEBUG  ]  File ignored by rseqc/read_distribution because it exceeded search pattern filesize limit: iEF_EE4_rep2_val_2_fastqc.html
[2024-12-18 17:17:55,609] multiqc                                            [DEBUG  ]  File ignored by rseqc/infer_experiment because it exceeded search pattern filesize limit: iEF_EE4_rep2_val_2_fastqc.html
[2024-12-18 17:17:56,107] multiqc.plots.bargraph                             [DEBUG  ]  Using matplotlib version 3.7.3
[2024-12-18 17:17:56,107] multiqc.plots.linegraph                            [DEBUG  ]  Using matplotlib version 3.7.3
[2024-12-18 17:17:56,108] multiqc                                            [DEBUG  ]  No samples found: custom_content
[2024-12-18 17:17:56,112] multiqc                                            [DEBUG  ]  No samples found: conpair
[2024-12-18 17:17:56,116] multiqc                                            [DEBUG  ]  No samples found: peddy
[2024-12-18 17:17:56,119] multiqc                                            [DEBUG  ]  No samples found: somalier
[2024-12-18 17:17:56,122] multiqc                                            [DEBUG  ]  No samples found: methylQA
[2024-12-18 17:17:56,126] multiqc                                            [DEBUG  ]  No samples found: mosdepth
[2024-12-18 17:17:56,129] multiqc                                            [DEBUG  ]  No samples found: phantompeakqualtools
[2024-12-18 17:17:56,131] multiqc                                            [DEBUG  ]  No samples found: qualimap
[2024-12-18 17:17:56,134] multiqc                                            [DEBUG  ]  No samples found: preseq
[2024-12-18 17:17:56,137] multiqc                                            [DEBUG  ]  No samples found: quast
[2024-12-18 17:17:56,140] multiqc                                            [DEBUG  ]  No samples found: qorts
[2024-12-18 17:17:56,143] multiqc                                            [DEBUG  ]  No samples found: rna_seqc
[2024-12-18 17:17:56,146] multiqc                                            [DEBUG  ]  No samples found: rockhopper
[2024-12-18 17:17:56,148] multiqc                                            [DEBUG  ]  No samples found: rsem
[2024-12-18 17:17:56,153] multiqc                                            [DEBUG  ]  No samples found: rseqc
[2024-12-18 17:17:56,156] multiqc                                            [DEBUG  ]  No samples found: busco
[2024-12-18 17:17:56,159] multiqc                                            [DEBUG  ]  No samples found: goleft_indexcov
[2024-12-18 17:17:56,162] multiqc                                            [DEBUG  ]  No samples found: disambiguate
[2024-12-18 17:17:56,166] multiqc                                            [DEBUG  ]  No samples found: supernova
[2024-12-18 17:17:56,171] multiqc                                            [DEBUG  ]  No samples found: deeptools
[2024-12-18 17:17:56,174] multiqc                                            [DEBUG  ]  No samples found: sargasso
[2024-12-18 17:17:56,176] multiqc                                            [DEBUG  ]  No samples found: verifybamid
[2024-12-18 17:17:56,179] multiqc                                            [DEBUG  ]  No samples found: mirtrace
[2024-12-18 17:17:56,182] multiqc                                            [DEBUG  ]  No samples found: happy
[2024-12-18 17:17:56,184] multiqc                                            [DEBUG  ]  No samples found: mirtop
[2024-12-18 17:17:56,188] multiqc                                            [DEBUG  ]  No samples found: homer
[2024-12-18 17:17:56,191] multiqc                                            [DEBUG  ]  No samples found: macs2
[2024-12-18 17:17:56,193] multiqc                                            [DEBUG  ]  No samples found: theta2
[2024-12-18 17:17:56,196] multiqc                                            [DEBUG  ]  No samples found: snpeff
[2024-12-18 17:17:56,200] multiqc                                            [DEBUG  ]  No samples found: gatk
[2024-12-18 17:17:56,202] multiqc                                            [DEBUG  ]  No samples found: htseq
[2024-12-18 17:17:56,206] multiqc                                            [DEBUG  ]  No samples found: bcftools
[2024-12-18 17:17:56,210] multiqc.modules.featureCounts.feature_counts       [INFO   ]  Found 6 reports
[2024-12-18 17:17:56,217] multiqc                                            [DEBUG  ]  No samples found: fgbio
[2024-12-18 17:17:56,223] multiqc                                            [DEBUG  ]  No samples found: dragen
[2024-12-18 17:17:56,226] multiqc                                            [DEBUG  ]  No samples found: dedup
[2024-12-18 17:17:56,228] multiqc                                            [DEBUG  ]  No samples found: damageprofiler
[2024-12-18 17:17:56,237] multiqc                                            [DEBUG  ]  No samples found: biobambam2
[2024-12-18 17:17:56,240] multiqc                                            [DEBUG  ]  No samples found: mtnucratio
[2024-12-18 17:17:56,242] multiqc                                            [DEBUG  ]  No samples found: picard
[2024-12-18 17:17:56,245] multiqc                                            [DEBUG  ]  No samples found: prokka
[2024-12-18 17:17:56,247] multiqc                                            [DEBUG  ]  No samples found: samblaster
[2024-12-18 17:17:56,251] multiqc                                            [DEBUG  ]  No samples found: samtools
[2024-12-18 17:17:56,254] multiqc                                            [DEBUG  ]  No samples found: sexdeterrmine
[2024-12-18 17:17:56,257] multiqc                                            [DEBUG  ]  No samples found: bamtools
[2024-12-18 17:17:56,260] multiqc                                            [DEBUG  ]  No samples found: jellyfish
[2024-12-18 17:17:56,263] multiqc                                            [DEBUG  ]  No samples found: vcftools
[2024-12-18 17:17:56,266] multiqc                                            [DEBUG  ]  No samples found: longranger
[2024-12-18 17:17:56,269] multiqc                                            [DEBUG  ]  No samples found: stacks
[2024-12-18 17:17:56,271] multiqc                                            [DEBUG  ]  No samples found: varscan2
[2024-12-18 17:17:56,277] multiqc                                            [DEBUG  ]  No samples found: bbmap
[2024-12-18 17:17:56,280] multiqc                                            [DEBUG  ]  No samples found: bismark
[2024-12-18 17:17:56,283] multiqc                                            [DEBUG  ]  No samples found: biscuit
[2024-12-18 17:17:56,286] multiqc                                            [DEBUG  ]  No samples found: hicexplorer
[2024-12-18 17:17:56,288] multiqc                                            [DEBUG  ]  No samples found: hicup
[2024-12-18 17:17:56,291] multiqc                                            [DEBUG  ]  No samples found: hicpro
[2024-12-18 17:17:56,293] multiqc                                            [DEBUG  ]  No samples found: salmon
[2024-12-18 17:17:56,297] multiqc                                            [DEBUG  ]  No samples found: kallisto
[2024-12-18 17:17:56,299] multiqc                                            [DEBUG  ]  No samples found: slamdunk
[2024-12-18 17:17:56,307] multiqc.modules.star.star                          [INFO   ]  Found 6 reports
[2024-12-18 17:17:56,310] multiqc                                            [DEBUG  ]  No samples found: hisat2
[2024-12-18 17:17:56,313] multiqc                                            [DEBUG  ]  No samples found: tophat
[2024-12-18 17:17:56,316] multiqc                                            [DEBUG  ]  No samples found: bowtie2
[2024-12-18 17:17:56,319] multiqc                                            [DEBUG  ]  No samples found: bowtie1
[2024-12-18 17:17:56,321] multiqc                                            [DEBUG  ]  No samples found: snpsplit
[2024-12-18 17:17:56,324] multiqc                                            [DEBUG  ]  No samples found: kat
[2024-12-18 17:17:56,327] multiqc                                            [DEBUG  ]  No samples found: leehom
[2024-12-18 17:17:56,330] multiqc                                            [DEBUG  ]  No samples found: adapterRemoval
[2024-12-18 17:17:56,333] multiqc                                            [DEBUG  ]  No samples found: clipandmerge
[2024-12-18 17:17:56,353] multiqc.modules.cutadapt.cutadapt                  [DEBUG  ]  Duplicate sample name found! Overwriting: iEF_EF_rep1_r1_fastq
[2024-12-18 17:17:56,354] multiqc.modules.cutadapt.cutadapt                  [DEBUG  ]  Duplicate sample name found! Overwriting: iEF_empty_rep2_r2_fastq
[2024-12-18 17:17:56,355] multiqc.modules.cutadapt.cutadapt                  [DEBUG  ]  Duplicate sample name found! Overwriting: iEF_empty_rep1_r2_fastq
[2024-12-18 17:17:56,356] multiqc.modules.cutadapt.cutadapt                  [DEBUG  ]  Duplicate sample name found! Overwriting: iEF_EE4_rep2_r2_fastq
[2024-12-18 17:17:56,356] multiqc.modules.cutadapt.cutadapt                  [DEBUG  ]  Duplicate sample name found! Overwriting: iEF_empty_rep2_r1_fastq
[2024-12-18 17:17:56,357] multiqc.modules.cutadapt.cutadapt                  [DEBUG  ]  Duplicate sample name found! Overwriting: iEF_EE4_rep1_r1_fastq
[2024-12-18 17:17:56,358] multiqc.modules.cutadapt.cutadapt                  [DEBUG  ]  Duplicate sample name found! Overwriting: iEF_EF_rep2_r2_fastq
[2024-12-18 17:17:56,359] multiqc.modules.cutadapt.cutadapt                  [DEBUG  ]  Duplicate sample name found! Overwriting: iEF_EE4_rep2_r1_fastq
[2024-12-18 17:17:56,359] multiqc.modules.cutadapt.cutadapt                  [DEBUG  ]  Duplicate sample name found! Overwriting: iEF_empty_rep1_r1_fastq
[2024-12-18 17:17:56,360] multiqc.modules.cutadapt.cutadapt                  [DEBUG  ]  Duplicate sample name found! Overwriting: iEF_EF_rep2_r1_fastq
[2024-12-18 17:17:56,361] multiqc.modules.cutadapt.cutadapt                  [DEBUG  ]  Duplicate sample name found! Overwriting: iEF_EE4_rep1_r2_fastq
[2024-12-18 17:17:56,362] multiqc.modules.cutadapt.cutadapt                  [DEBUG  ]  Duplicate sample name found! Overwriting: iEF_EF_rep1_r2_fastq
[2024-12-18 17:17:56,362] multiqc.modules.cutadapt.cutadapt                  [INFO   ]  Found 12 reports
[2024-12-18 17:17:56,371] multiqc                                            [DEBUG  ]  No samples found: flexbar
[2024-12-18 17:17:56,374] multiqc                                            [DEBUG  ]  No samples found: kaiju
[2024-12-18 17:17:56,377] multiqc                                            [DEBUG  ]  No samples found: kraken
[2024-12-18 17:17:56,379] multiqc                                            [DEBUG  ]  No samples found: malt
[2024-12-18 17:17:56,382] multiqc                                            [DEBUG  ]  No samples found: trimmomatic
[2024-12-18 17:17:56,384] multiqc                                            [DEBUG  ]  No samples found: sickle
[2024-12-18 17:17:56,387] multiqc                                            [DEBUG  ]  No samples found: skewer
[2024-12-18 17:17:56,390] multiqc                                            [DEBUG  ]  No samples found: sortmerna
[2024-12-18 17:17:56,392] multiqc                                            [DEBUG  ]  No samples found: biobloomtools
[2024-12-18 17:17:56,395] multiqc                                            [DEBUG  ]  No samples found: fastq_screen
[2024-12-18 17:17:56,398] multiqc                                            [DEBUG  ]  No samples found: afterqc
[2024-12-18 17:17:56,401] multiqc                                            [DEBUG  ]  No samples found: fastp
[2024-12-18 17:17:57,089] multiqc.modules.fastqc.fastqc                      [INFO   ]  Found 12 reports
[2024-12-18 17:17:57,224] multiqc                                            [DEBUG  ]  No samples found: pycoqc
[2024-12-18 17:17:57,227] multiqc                                            [DEBUG  ]  No samples found: minionqc
[2024-12-18 17:17:57,230] multiqc                                            [DEBUG  ]  No samples found: multivcfanalyzer
[2024-12-18 17:17:57,233] multiqc                                            [DEBUG  ]  No samples found: clusterflow
[2024-12-18 17:17:57,236] multiqc                                            [DEBUG  ]  No samples found: bcl2fastq
[2024-12-18 17:17:57,239] multiqc                                            [DEBUG  ]  No samples found: interop
[2024-12-18 17:17:57,241] multiqc                                            [DEBUG  ]  No samples found: ivar
[2024-12-18 17:17:57,244] multiqc                                            [DEBUG  ]  No samples found: flash
[2024-12-18 17:17:57,247] multiqc                                            [DEBUG  ]  No samples found: seqyclean
[2024-12-18 17:17:57,262] multiqc                                            [INFO   ]  Compressing plot data
[2024-12-18 17:17:57,381] multiqc                                            [WARNING]  Deleting    : multiqc_report.html   (-f was specified)
[2024-12-18 17:17:57,386] multiqc                                            [WARNING]  Deleting    : multiqc_data   (-f was specified)
[2024-12-18 17:17:57,407] multiqc                                            [INFO   ]  Report      : multiqc_report.html
[2024-12-18 17:17:57,407] multiqc                                            [INFO   ]  Data        : multiqc_data
[2024-12-18 17:17:57,407] multiqc                                            [DEBUG  ]  Moving data file from '/tmp/tmpooyu18j_/multiqc_data' to '/mnt/outputs/fastqc_rslt/multiqc_data'
[2024-12-18 17:17:57,497] multiqc                                            [INFO   ]  MultiQC complete
